{"total": {"lines":{"total":20974,"covered":2367,"skipped":0,"pct":11.28},"statements":{"total":20974,"covered":2367,"skipped":0,"pct":11.28},"functions":{"total":113,"covered":51,"skipped":0,"pct":45.13},"branches":{"total":586,"covered":266,"skipped":0,"pct":45.39},"branchesTrue":{"total":0,"covered":0,"skipped":0,"pct":100}}
,"C:\\Users\\wenqi\\Desktop\\spm_proj\\ColdStorage\\middleware.js": {"lines":{"total":97,"covered":0,"skipped":0,"pct":0},"functions":{"total":1,"covered":0,"skipped":0,"pct":0},"statements":{"total":97,"covered":0,"skipped":0,"pct":0},"branches":{"total":1,"covered":0,"skipped":0,"pct":0}}
,"C:\\Users\\wenqi\\Desktop\\spm_proj\\ColdStorage\\next.config.ts": {"lines":{"total":3,"covered":0,"skipped":0,"pct":0},"functions":{"total":1,"covered":1,"skipped":0,"pct":100},"statements":{"total":3,"covered":0,"skipped":0,"pct":0},"branches":{"total":1,"covered":1,"skipped":0,"pct":100}}
,"C:\\Users\\wenqi\\Desktop\\spm_proj\\ColdStorage\\playwright.config.js": {"lines":{"total":23,"covered":0,"skipped":0,"pct":0},"functions":{"total":1,"covered":0,"skipped":0,"pct":0},"statements":{"total":23,"covered":0,"skipped":0,"pct":0},"branches":{"total":1,"covered":0,"skipped":0,"pct":0}}
,"C:\\Users\\wenqi\\Desktop\\spm_proj\\ColdStorage\\postcss.config.mjs": {"lines":{"total":4,"covered":0,"skipped":0,"pct":0},"functions":{"total":1,"covered":0,"skipped":0,"pct":0},"statements":{"total":4,"covered":0,"skipped":0,"pct":0},"branches":{"total":1,"covered":0,"skipped":0,"pct":0}}
,"C:\\Users\\wenqi\\Desktop\\spm_proj\\ColdStorage\\server\\index.js": {"lines":{"total":50,"covered":41,"skipped":0,"pct":82},"functions":{"total":0,"covered":0,"skipped":0,"pct":100},"statements":{"total":50,"covered":41,"skipped":0,"pct":82},"branches":{"total":2,"covered":0,"skipped":0,"pct":0}}
,"C:\\Users\\wenqi\\Desktop\\spm_proj\\ColdStorage\\server\\lib\\supabase.js": {"lines":{"total":128,"covered":49,"skipped":0,"pct":38.28},"functions":{"total":7,"covered":3,"skipped":0,"pct":42.85},"statements":{"total":128,"covered":49,"skipped":0,"pct":38.28},"branches":{"total":12,"covered":3,"skipped":0,"pct":25}}
,"C:\\Users\\wenqi\\Desktop\\spm_proj\\ColdStorage\\server\\routes\\auth.js": {"lines":{"total":101,"covered":93,"skipped":0,"pct":92.07},"functions":{"total":0,"covered":0,"skipped":0,"pct":100},"statements":{"total":101,"covered":93,"skipped":0,"pct":92.07},"branches":{"total":19,"covered":13,"skipped":0,"pct":68.42}}
,"C:\\Users\\wenqi\\Desktop\\spm_proj\\ColdStorage\\server\\routes\\department_teams.js": {"lines":{"total":309,"covered":265,"skipped":0,"pct":85.76},"functions":{"total":0,"covered":0,"skipped":0,"pct":100},"statements":{"total":309,"covered":265,"skipped":0,"pct":85.76},"branches":{"total":81,"covered":52,"skipped":0,"pct":64.19}}
,"C:\\Users\\wenqi\\Desktop\\spm_proj\\ColdStorage\\server\\routes\\director.js": {"lines":{"total":488,"covered":36,"skipped":0,"pct":7.37},"functions":{"total":1,"covered":0,"skipped":0,"pct":0},"statements":{"total":488,"covered":36,"skipped":0,"pct":7.37},"branches":{"total":0,"covered":0,"skipped":0,"pct":100}}
,"C:\\Users\\wenqi\\Desktop\\spm_proj\\ColdStorage\\server\\routes\\hr.js": {"lines":{"total":511,"covered":43,"skipped":0,"pct":8.41},"functions":{"total":1,"covered":0,"skipped":0,"pct":0},"statements":{"total":511,"covered":43,"skipped":0,"pct":8.41},"branches":{"total":0,"covered":0,"skipped":0,"pct":100}}
,"C:\\Users\\wenqi\\Desktop\\spm_proj\\ColdStorage\\server\\routes\\manager-projects.js": {"lines":{"total":195,"covered":19,"skipped":0,"pct":9.74},"functions":{"total":0,"covered":0,"skipped":0,"pct":100},"statements":{"total":195,"covered":19,"skipped":0,"pct":9.74},"branches":{"total":0,"covered":0,"skipped":0,"pct":100}}
,"C:\\Users\\wenqi\\Desktop\\spm_proj\\ColdStorage\\server\\routes\\notification.js": {"lines":{"total":317,"covered":116,"skipped":0,"pct":36.59},"functions":{"total":1,"covered":1,"skipped":0,"pct":100},"statements":{"total":317,"covered":116,"skipped":0,"pct":36.59},"branches":{"total":18,"covered":3,"skipped":0,"pct":16.66}}
,"C:\\Users\\wenqi\\Desktop\\spm_proj\\ColdStorage\\server\\routes\\projects.js": {"lines":{"total":495,"covered":219,"skipped":0,"pct":44.24},"functions":{"total":0,"covered":0,"skipped":0,"pct":100},"statements":{"total":495,"covered":219,"skipped":0,"pct":44.24},"branches":{"total":58,"covered":24,"skipped":0,"pct":41.37}}
,"C:\\Users\\wenqi\\Desktop\\spm_proj\\ColdStorage\\server\\routes\\report.js": {"lines":{"total":135,"covered":125,"skipped":0,"pct":92.59},"functions":{"total":0,"covered":0,"skipped":0,"pct":100},"statements":{"total":135,"covered":125,"skipped":0,"pct":92.59},"branches":{"total":5,"covered":4,"skipped":0,"pct":80}}
,"C:\\Users\\wenqi\\Desktop\\spm_proj\\ColdStorage\\server\\routes\\subtasks.js": {"lines":{"total":410,"covered":301,"skipped":0,"pct":73.41},"functions":{"total":3,"covered":2,"skipped":0,"pct":66.66},"statements":{"total":410,"covered":301,"skipped":0,"pct":73.41},"branches":{"total":90,"covered":28,"skipped":0,"pct":31.11}}
,"C:\\Users\\wenqi\\Desktop\\spm_proj\\ColdStorage\\server\\routes\\tasks.js": {"lines":{"total":1462,"covered":683,"skipped":0,"pct":46.71},"functions":{"total":3,"covered":2,"skipped":0,"pct":66.66},"statements":{"total":1462,"covered":683,"skipped":0,"pct":46.71},"branches":{"total":172,"covered":81,"skipped":0,"pct":47.09}}
,"C:\\Users\\wenqi\\Desktop\\spm_proj\\ColdStorage\\server\\routes\\users.js": {"lines":{"total":160,"covered":20,"skipped":0,"pct":12.5},"functions":{"total":0,"covered":0,"skipped":0,"pct":100},"statements":{"total":160,"covered":20,"skipped":0,"pct":12.5},"branches":{"total":0,"covered":0,"skipped":0,"pct":100}}
,"C:\\Users\\wenqi\\Desktop\\spm_proj\\ColdStorage\\server\\schemas\\task.js": {"lines":{"total":44,"covered":44,"skipped":0,"pct":100},"functions":{"total":0,"covered":0,"skipped":0,"pct":100},"statements":{"total":44,"covered":44,"skipped":0,"pct":100},"branches":{"total":0,"covered":0,"skipped":0,"pct":100}}
,"C:\\Users\\wenqi\\Desktop\\spm_proj\\ColdStorage\\server\\services\\deadlineNotificationService.js": {"lines":{"total":465,"covered":233,"skipped":0,"pct":50.1},"functions":{"total":16,"covered":9,"skipped":0,"pct":56.25},"statements":{"total":465,"covered":233,"skipped":0,"pct":50.1},"branches":{"total":56,"covered":24,"skipped":0,"pct":42.85}}
,"C:\\Users\\wenqi\\Desktop\\spm_proj\\ColdStorage\\server\\services\\recurrenceService.js": {"lines":{"total":401,"covered":80,"skipped":0,"pct":19.95},"functions":{"total":8,"covered":0,"skipped":0,"pct":0},"statements":{"total":401,"covered":80,"skipped":0,"pct":19.95},"branches":{"total":0,"covered":0,"skipped":0,"pct":100}}
,"C:\\Users\\wenqi\\Desktop\\spm_proj\\ColdStorage\\src\\app\\layout.tsx": {"lines":{"total":32,"covered":0,"skipped":0,"pct":0},"functions":{"total":1,"covered":1,"skipped":0,"pct":100},"statements":{"total":32,"covered":0,"skipped":0,"pct":0},"branches":{"total":1,"covered":1,"skipped":0,"pct":100}}
,"C:\\Users\\wenqi\\Desktop\\spm_proj\\ColdStorage\\src\\app\\page.js": {"lines":{"total":32,"covered":0,"skipped":0,"pct":0},"functions":{"total":1,"covered":0,"skipped":0,"pct":0},"statements":{"total":32,"covered":0,"skipped":0,"pct":0},"branches":{"total":1,"covered":0,"skipped":0,"pct":0}}
,"C:\\Users\\wenqi\\Desktop\\spm_proj\\ColdStorage\\src\\app\\dashboard\\DirectorDashboard.js": {"lines":{"total":532,"covered":0,"skipped":0,"pct":0},"functions":{"total":1,"covered":0,"skipped":0,"pct":0},"statements":{"total":532,"covered":0,"skipped":0,"pct":0},"branches":{"total":1,"covered":0,"skipped":0,"pct":0}}
,"C:\\Users\\wenqi\\Desktop\\spm_proj\\ColdStorage\\src\\app\\dashboard\\HrDashboard.js": {"lines":{"total":679,"covered":0,"skipped":0,"pct":0},"functions":{"total":1,"covered":0,"skipped":0,"pct":0},"statements":{"total":679,"covered":0,"skipped":0,"pct":0},"branches":{"total":1,"covered":0,"skipped":0,"pct":0}}
,"C:\\Users\\wenqi\\Desktop\\spm_proj\\ColdStorage\\src\\app\\dashboard\\ManagerDashboard.js": {"lines":{"total":246,"covered":0,"skipped":0,"pct":0},"functions":{"total":1,"covered":0,"skipped":0,"pct":0},"statements":{"total":246,"covered":0,"skipped":0,"pct":0},"branches":{"total":1,"covered":0,"skipped":0,"pct":0}}
,"C:\\Users\\wenqi\\Desktop\\spm_proj\\ColdStorage\\src\\app\\dashboard\\StaffDashboard.js": {"lines":{"total":221,"covered":0,"skipped":0,"pct":0},"functions":{"total":1,"covered":0,"skipped":0,"pct":0},"statements":{"total":221,"covered":0,"skipped":0,"pct":0},"branches":{"total":1,"covered":0,"skipped":0,"pct":0}}
,"C:\\Users\\wenqi\\Desktop\\spm_proj\\ColdStorage\\src\\app\\dashboard\\page.js": {"lines":{"total":403,"covered":0,"skipped":0,"pct":0},"functions":{"total":1,"covered":0,"skipped":0,"pct":0},"statements":{"total":403,"covered":0,"skipped":0,"pct":0},"branches":{"total":1,"covered":0,"skipped":0,"pct":0}}
,"C:\\Users\\wenqi\\Desktop\\spm_proj\\ColdStorage\\src\\app\\dashboard\\tasks\\page.js": {"lines":{"total":436,"covered":0,"skipped":0,"pct":0},"functions":{"total":1,"covered":0,"skipped":0,"pct":0},"statements":{"total":436,"covered":0,"skipped":0,"pct":0},"branches":{"total":1,"covered":0,"skipped":0,"pct":0}}
,"C:\\Users\\wenqi\\Desktop\\spm_proj\\ColdStorage\\src\\app\\dashboard\\tasks\\components\\DirectorTasksView.jsx": {"lines":{"total":61,"covered":0,"skipped":0,"pct":0},"functions":{"total":1,"covered":1,"skipped":0,"pct":100},"statements":{"total":61,"covered":0,"skipped":0,"pct":0},"branches":{"total":1,"covered":1,"skipped":0,"pct":100}}
,"C:\\Users\\wenqi\\Desktop\\spm_proj\\ColdStorage\\src\\app\\dashboard\\tasks\\components\\HRTasksView.jsx": {"lines":{"total":116,"covered":0,"skipped":0,"pct":0},"functions":{"total":1,"covered":1,"skipped":0,"pct":100},"statements":{"total":116,"covered":0,"skipped":0,"pct":0},"branches":{"total":1,"covered":1,"skipped":0,"pct":100}}
,"C:\\Users\\wenqi\\Desktop\\spm_proj\\ColdStorage\\src\\app\\dashboard\\tasks\\components\\ManagerTasks.jsx": {"lines":{"total":108,"covered":0,"skipped":0,"pct":0},"functions":{"total":1,"covered":1,"skipped":0,"pct":100},"statements":{"total":108,"covered":0,"skipped":0,"pct":0},"branches":{"total":1,"covered":1,"skipped":0,"pct":100}}
,"C:\\Users\\wenqi\\Desktop\\spm_proj\\ColdStorage\\src\\app\\dashboard\\tasks\\components\\ManagerTasksView.jsx": {"lines":{"total":329,"covered":0,"skipped":0,"pct":0},"functions":{"total":1,"covered":1,"skipped":0,"pct":100},"statements":{"total":329,"covered":0,"skipped":0,"pct":0},"branches":{"total":1,"covered":1,"skipped":0,"pct":100}}
,"C:\\Users\\wenqi\\Desktop\\spm_proj\\ColdStorage\\src\\app\\dashboard\\tasks\\components\\StaffTasksView.jsx": {"lines":{"total":88,"covered":0,"skipped":0,"pct":0},"functions":{"total":1,"covered":1,"skipped":0,"pct":100},"statements":{"total":88,"covered":0,"skipped":0,"pct":0},"branches":{"total":1,"covered":1,"skipped":0,"pct":100}}
,"C:\\Users\\wenqi\\Desktop\\spm_proj\\ColdStorage\\src\\app\\dashboard\\tasks\\components\\taskUtils.js": {"lines":{"total":41,"covered":0,"skipped":0,"pct":0},"functions":{"total":1,"covered":0,"skipped":0,"pct":0},"statements":{"total":41,"covered":0,"skipped":0,"pct":0},"branches":{"total":1,"covered":0,"skipped":0,"pct":0}}
,"C:\\Users\\wenqi\\Desktop\\spm_proj\\ColdStorage\\src\\app\\dashboard\\tasks\\create\\page.js": {"lines":{"total":338,"covered":0,"skipped":0,"pct":0},"functions":{"total":1,"covered":0,"skipped":0,"pct":0},"statements":{"total":338,"covered":0,"skipped":0,"pct":0},"branches":{"total":1,"covered":0,"skipped":0,"pct":0}}
,"C:\\Users\\wenqi\\Desktop\\spm_proj\\ColdStorage\\src\\app\\dashboard\\tasks\\hr\\page.js": {"lines":{"total":183,"covered":0,"skipped":0,"pct":0},"functions":{"total":1,"covered":0,"skipped":0,"pct":0},"statements":{"total":183,"covered":0,"skipped":0,"pct":0},"branches":{"total":1,"covered":0,"skipped":0,"pct":0}}
,"C:\\Users\\wenqi\\Desktop\\spm_proj\\ColdStorage\\src\\app\\login\\page.js": {"lines":{"total":116,"covered":0,"skipped":0,"pct":0},"functions":{"total":1,"covered":0,"skipped":0,"pct":0},"statements":{"total":116,"covered":0,"skipped":0,"pct":0},"branches":{"total":1,"covered":0,"skipped":0,"pct":0}}
,"C:\\Users\\wenqi\\Desktop\\spm_proj\\ColdStorage\\src\\app\\notifications\\page.js": {"lines":{"total":506,"covered":0,"skipped":0,"pct":0},"functions":{"total":1,"covered":0,"skipped":0,"pct":0},"statements":{"total":506,"covered":0,"skipped":0,"pct":0},"branches":{"total":1,"covered":0,"skipped":0,"pct":0}}
,"C:\\Users\\wenqi\\Desktop\\spm_proj\\ColdStorage\\src\\app\\profile\\page.js": {"lines":{"total":5,"covered":0,"skipped":0,"pct":0},"functions":{"total":1,"covered":0,"skipped":0,"pct":0},"statements":{"total":5,"covered":0,"skipped":0,"pct":0},"branches":{"total":1,"covered":0,"skipped":0,"pct":0}}
,"C:\\Users\\wenqi\\Desktop\\spm_proj\\ColdStorage\\src\\app\\projects\\page.js": {"lines":{"total":905,"covered":0,"skipped":0,"pct":0},"functions":{"total":1,"covered":0,"skipped":0,"pct":0},"statements":{"total":905,"covered":0,"skipped":0,"pct":0},"branches":{"total":1,"covered":0,"skipped":0,"pct":0}}
,"C:\\Users\\wenqi\\Desktop\\spm_proj\\ColdStorage\\src\\app\\register\\page.js": {"lines":{"total":245,"covered":0,"skipped":0,"pct":0},"functions":{"total":1,"covered":0,"skipped":0,"pct":0},"statements":{"total":245,"covered":0,"skipped":0,"pct":0},"branches":{"total":1,"covered":0,"skipped":0,"pct":0}}
,"C:\\Users\\wenqi\\Desktop\\spm_proj\\ColdStorage\\src\\app\\report\\page.js": {"lines":{"total":716,"covered":0,"skipped":0,"pct":0},"functions":{"total":1,"covered":0,"skipped":0,"pct":0},"statements":{"total":716,"covered":0,"skipped":0,"pct":0},"branches":{"total":1,"covered":0,"skipped":0,"pct":0}}
,"C:\\Users\\wenqi\\Desktop\\spm_proj\\ColdStorage\\src\\app\\schedule\\page.js": {"lines":{"total":714,"covered":0,"skipped":0,"pct":0},"functions":{"total":1,"covered":0,"skipped":0,"pct":0},"statements":{"total":714,"covered":0,"skipped":0,"pct":0},"branches":{"total":1,"covered":0,"skipped":0,"pct":0}}
,"C:\\Users\\wenqi\\Desktop\\spm_proj\\ColdStorage\\src\\components\\layout\\HeaderBar.jsx": {"lines":{"total":23,"covered":0,"skipped":0,"pct":0},"functions":{"total":1,"covered":1,"skipped":0,"pct":100},"statements":{"total":23,"covered":0,"skipped":0,"pct":0},"branches":{"total":1,"covered":1,"skipped":0,"pct":100}}
,"C:\\Users\\wenqi\\Desktop\\spm_proj\\ColdStorage\\src\\components\\layout\\SidebarLayout.jsx": {"lines":{"total":121,"covered":0,"skipped":0,"pct":0},"functions":{"total":1,"covered":1,"skipped":0,"pct":100},"statements":{"total":121,"covered":0,"skipped":0,"pct":0},"branches":{"total":1,"covered":1,"skipped":0,"pct":100}}
,"C:\\Users\\wenqi\\Desktop\\spm_proj\\ColdStorage\\src\\components\\notifications\\DeadlineNotificationManager.jsx": {"lines":{"total":84,"covered":0,"skipped":0,"pct":0},"functions":{"total":1,"covered":0,"skipped":0,"pct":0},"statements":{"total":84,"covered":0,"skipped":0,"pct":0},"branches":{"total":1,"covered":0,"skipped":0,"pct":0}}
,"C:\\Users\\wenqi\\Desktop\\spm_proj\\ColdStorage\\src\\components\\notifications\\NotificationInitializer.jsx": {"lines":{"total":74,"covered":0,"skipped":0,"pct":0},"functions":{"total":1,"covered":1,"skipped":0,"pct":100},"statements":{"total":74,"covered":0,"skipped":0,"pct":0},"branches":{"total":1,"covered":1,"skipped":0,"pct":100}}
,"C:\\Users\\wenqi\\Desktop\\spm_proj\\ColdStorage\\src\\components\\projects\\ProjectTaskCard.jsx": {"lines":{"total":196,"covered":0,"skipped":0,"pct":0},"functions":{"total":1,"covered":1,"skipped":0,"pct":100},"statements":{"total":196,"covered":0,"skipped":0,"pct":0},"branches":{"total":1,"covered":1,"skipped":0,"pct":100}}
,"C:\\Users\\wenqi\\Desktop\\spm_proj\\ColdStorage\\src\\components\\projects\\ProjectTaskColumn.jsx": {"lines":{"total":48,"covered":0,"skipped":0,"pct":0},"functions":{"total":1,"covered":1,"skipped":0,"pct":100},"statements":{"total":48,"covered":0,"skipped":0,"pct":0},"branches":{"total":1,"covered":1,"skipped":0,"pct":100}}
,"C:\\Users\\wenqi\\Desktop\\spm_proj\\ColdStorage\\src\\components\\providers\\ClientProviders.jsx": {"lines":{"total":7,"covered":0,"skipped":0,"pct":0},"functions":{"total":1,"covered":1,"skipped":0,"pct":100},"statements":{"total":7,"covered":0,"skipped":0,"pct":0},"branches":{"total":1,"covered":1,"skipped":0,"pct":100}}
,"C:\\Users\\wenqi\\Desktop\\spm_proj\\ColdStorage\\src\\components\\report\\DepartmentTeamWorkload.jsx": {"lines":{"total":158,"covered":0,"skipped":0,"pct":0},"functions":{"total":1,"covered":1,"skipped":0,"pct":100},"statements":{"total":158,"covered":0,"skipped":0,"pct":0},"branches":{"total":1,"covered":1,"skipped":0,"pct":100}}
,"C:\\Users\\wenqi\\Desktop\\spm_proj\\ColdStorage\\src\\components\\report\\FilterSection.jsx": {"lines":{"total":34,"covered":0,"skipped":0,"pct":0},"functions":{"total":1,"covered":1,"skipped":0,"pct":100},"statements":{"total":34,"covered":0,"skipped":0,"pct":0},"branches":{"total":1,"covered":1,"skipped":0,"pct":100}}
,"C:\\Users\\wenqi\\Desktop\\spm_proj\\ColdStorage\\src\\components\\report\\ProjectCard.jsx": {"lines":{"total":55,"covered":0,"skipped":0,"pct":0},"functions":{"total":1,"covered":1,"skipped":0,"pct":100},"statements":{"total":55,"covered":0,"skipped":0,"pct":0},"branches":{"total":1,"covered":1,"skipped":0,"pct":100}}
,"C:\\Users\\wenqi\\Desktop\\spm_proj\\ColdStorage\\src\\components\\report\\ProjectStatusReport.jsx": {"lines":{"total":526,"covered":0,"skipped":0,"pct":0},"functions":{"total":1,"covered":1,"skipped":0,"pct":100},"statements":{"total":526,"covered":0,"skipped":0,"pct":0},"branches":{"total":1,"covered":1,"skipped":0,"pct":100}}
,"C:\\Users\\wenqi\\Desktop\\spm_proj\\ColdStorage\\src\\components\\report\\ProjectsSection.jsx": {"lines":{"total":39,"covered":0,"skipped":0,"pct":0},"functions":{"total":1,"covered":1,"skipped":0,"pct":100},"statements":{"total":39,"covered":0,"skipped":0,"pct":0},"branches":{"total":1,"covered":1,"skipped":0,"pct":100}}
,"C:\\Users\\wenqi\\Desktop\\spm_proj\\ColdStorage\\src\\components\\report\\ReportCard.jsx": {"lines":{"total":32,"covered":0,"skipped":0,"pct":0},"functions":{"total":1,"covered":1,"skipped":0,"pct":100},"statements":{"total":32,"covered":0,"skipped":0,"pct":0},"branches":{"total":1,"covered":1,"skipped":0,"pct":100}}
,"C:\\Users\\wenqi\\Desktop\\spm_proj\\ColdStorage\\src\\components\\report\\ReportPreviewModal.jsx": {"lines":{"total":906,"covered":0,"skipped":0,"pct":0},"functions":{"total":1,"covered":1,"skipped":0,"pct":100},"statements":{"total":906,"covered":0,"skipped":0,"pct":0},"branches":{"total":1,"covered":1,"skipped":0,"pct":100}}
,"C:\\Users\\wenqi\\Desktop\\spm_proj\\ColdStorage\\src\\components\\tasks\\RecurrenceHistoryModal.jsx": {"lines":{"total":159,"covered":0,"skipped":0,"pct":0},"functions":{"total":1,"covered":1,"skipped":0,"pct":100},"statements":{"total":159,"covered":0,"skipped":0,"pct":0},"branches":{"total":1,"covered":1,"skipped":0,"pct":100}}
,"C:\\Users\\wenqi\\Desktop\\spm_proj\\ColdStorage\\src\\components\\tasks\\RecurrenceStatus.jsx": {"lines":{"total":114,"covered":0,"skipped":0,"pct":0},"functions":{"total":1,"covered":1,"skipped":0,"pct":100},"statements":{"total":114,"covered":0,"skipped":0,"pct":0},"branches":{"total":1,"covered":1,"skipped":0,"pct":100}}
,"C:\\Users\\wenqi\\Desktop\\spm_proj\\ColdStorage\\src\\components\\tasks\\SubtaskEditModal.jsx": {"lines":{"total":152,"covered":0,"skipped":0,"pct":0},"functions":{"total":1,"covered":1,"skipped":0,"pct":100},"statements":{"total":152,"covered":0,"skipped":0,"pct":0},"branches":{"total":1,"covered":1,"skipped":0,"pct":100}}
,"C:\\Users\\wenqi\\Desktop\\spm_proj\\ColdStorage\\src\\components\\tasks\\SubtaskManager.jsx": {"lines":{"total":216,"covered":0,"skipped":0,"pct":0},"functions":{"total":1,"covered":1,"skipped":0,"pct":100},"statements":{"total":216,"covered":0,"skipped":0,"pct":0},"branches":{"total":1,"covered":1,"skipped":0,"pct":100}}
,"C:\\Users\\wenqi\\Desktop\\spm_proj\\ColdStorage\\src\\components\\tasks\\TaskCard.jsx": {"lines":{"total":536,"covered":0,"skipped":0,"pct":0},"functions":{"total":1,"covered":1,"skipped":0,"pct":100},"statements":{"total":536,"covered":0,"skipped":0,"pct":0},"branches":{"total":1,"covered":1,"skipped":0,"pct":100}}
,"C:\\Users\\wenqi\\Desktop\\spm_proj\\ColdStorage\\src\\components\\tasks\\TaskDetailsModal.jsx": {"lines":{"total":377,"covered":0,"skipped":0,"pct":0},"functions":{"total":1,"covered":1,"skipped":0,"pct":100},"statements":{"total":377,"covered":0,"skipped":0,"pct":0},"branches":{"total":1,"covered":1,"skipped":0,"pct":100}}
,"C:\\Users\\wenqi\\Desktop\\spm_proj\\ColdStorage\\src\\components\\tasks\\TaskEditModal.jsx": {"lines":{"total":590,"covered":0,"skipped":0,"pct":0},"functions":{"total":1,"covered":1,"skipped":0,"pct":100},"statements":{"total":590,"covered":0,"skipped":0,"pct":0},"branches":{"total":1,"covered":1,"skipped":0,"pct":100}}
,"C:\\Users\\wenqi\\Desktop\\spm_proj\\ColdStorage\\src\\components\\tasks\\TaskForm.jsx": {"lines":{"total":475,"covered":0,"skipped":0,"pct":0},"functions":{"total":1,"covered":1,"skipped":0,"pct":100},"statements":{"total":475,"covered":0,"skipped":0,"pct":0},"branches":{"total":1,"covered":1,"skipped":0,"pct":100}}
,"C:\\Users\\wenqi\\Desktop\\spm_proj\\ColdStorage\\src\\components\\ui\\Alert.jsx": {"lines":{"total":13,"covered":0,"skipped":0,"pct":0},"functions":{"total":1,"covered":1,"skipped":0,"pct":100},"statements":{"total":13,"covered":0,"skipped":0,"pct":0},"branches":{"total":1,"covered":1,"skipped":0,"pct":100}}
,"C:\\Users\\wenqi\\Desktop\\spm_proj\\ColdStorage\\src\\components\\ui\\Badge.jsx": {"lines":{"total":41,"covered":0,"skipped":0,"pct":0},"functions":{"total":1,"covered":1,"skipped":0,"pct":100},"statements":{"total":41,"covered":0,"skipped":0,"pct":0},"branches":{"total":1,"covered":1,"skipped":0,"pct":100}}
,"C:\\Users\\wenqi\\Desktop\\spm_proj\\ColdStorage\\src\\components\\ui\\StatCard.jsx": {"lines":{"total":27,"covered":0,"skipped":0,"pct":0},"functions":{"total":1,"covered":1,"skipped":0,"pct":100},"statements":{"total":27,"covered":0,"skipped":0,"pct":0},"branches":{"total":1,"covered":1,"skipped":0,"pct":100}}
,"C:\\Users\\wenqi\\Desktop\\spm_proj\\ColdStorage\\src\\components\\ui\\Table.jsx": {"lines":{"total":14,"covered":0,"skipped":0,"pct":0},"functions":{"total":1,"covered":1,"skipped":0,"pct":100},"statements":{"total":14,"covered":0,"skipped":0,"pct":0},"branches":{"total":1,"covered":1,"skipped":0,"pct":100}}
,"C:\\Users\\wenqi\\Desktop\\spm_proj\\ColdStorage\\src\\components\\ui\\Toast.jsx": {"lines":{"total":23,"covered":0,"skipped":0,"pct":0},"functions":{"total":1,"covered":1,"skipped":0,"pct":100},"statements":{"total":23,"covered":0,"skipped":0,"pct":0},"branches":{"total":1,"covered":1,"skipped":0,"pct":100}}
,"C:\\Users\\wenqi\\Desktop\\spm_proj\\ColdStorage\\src\\constants\\taskConstants.js": {"lines":{"total":56,"covered":0,"skipped":0,"pct":0},"functions":{"total":1,"covered":0,"skipped":0,"pct":0},"statements":{"total":56,"covered":0,"skipped":0,"pct":0},"branches":{"total":1,"covered":0,"skipped":0,"pct":0}}
,"C:\\Users\\wenqi\\Desktop\\spm_proj\\ColdStorage\\src\\contexts\\NotificationContext.js": {"lines":{"total":27,"covered":0,"skipped":0,"pct":0},"functions":{"total":1,"covered":0,"skipped":0,"pct":0},"statements":{"total":27,"covered":0,"skipped":0,"pct":0},"branches":{"total":1,"covered":0,"skipped":0,"pct":0}}
,"C:\\Users\\wenqi\\Desktop\\spm_proj\\ColdStorage\\src\\utils\\dateUtils.js": {"lines":{"total":0,"covered":0,"skipped":0,"pct":100},"functions":{"total":1,"covered":1,"skipped":0,"pct":100},"statements":{"total":0,"covered":0,"skipped":0,"pct":100},"branches":{"total":1,"covered":1,"skipped":0,"pct":100}}
,"C:\\Users\\wenqi\\Desktop\\spm_proj\\ColdStorage\\src\\utils\\notificationStore.js": {"lines":{"total":31,"covered":0,"skipped":0,"pct":0},"functions":{"total":1,"covered":0,"skipped":0,"pct":0},"statements":{"total":31,"covered":0,"skipped":0,"pct":0},"branches":{"total":1,"covered":0,"skipped":0,"pct":0}}
,"C:\\Users\\wenqi\\Desktop\\spm_proj\\ColdStorage\\src\\utils\\hooks\\useAuth.js": {"lines":{"total":229,"covered":0,"skipped":0,"pct":0},"functions":{"total":1,"covered":0,"skipped":0,"pct":0},"statements":{"total":229,"covered":0,"skipped":0,"pct":0},"branches":{"total":1,"covered":0,"skipped":0,"pct":0}}
,"C:\\Users\\wenqi\\Desktop\\spm_proj\\ColdStorage\\src\\utils\\hooks\\useDeadlineNotifications.js": {"lines":{"total":176,"covered":0,"skipped":0,"pct":0},"functions":{"total":1,"covered":0,"skipped":0,"pct":0},"statements":{"total":176,"covered":0,"skipped":0,"pct":0},"branches":{"total":1,"covered":0,"skipped":0,"pct":0}}
,"C:\\Users\\wenqi\\Desktop\\spm_proj\\ColdStorage\\src\\utils\\hooks\\useDepartmentTeams.js": {"lines":{"total":92,"covered":0,"skipped":0,"pct":0},"functions":{"total":1,"covered":0,"skipped":0,"pct":0},"statements":{"total":92,"covered":0,"skipped":0,"pct":0},"branches":{"total":1,"covered":0,"skipped":0,"pct":0}}
,"C:\\Users\\wenqi\\Desktop\\spm_proj\\ColdStorage\\src\\utils\\hooks\\useDirectorInsights.js": {"lines":{"total":283,"covered":0,"skipped":0,"pct":0},"functions":{"total":1,"covered":0,"skipped":0,"pct":0},"statements":{"total":283,"covered":0,"skipped":0,"pct":0},"branches":{"total":1,"covered":0,"skipped":0,"pct":0}}
,"C:\\Users\\wenqi\\Desktop\\spm_proj\\ColdStorage\\src\\utils\\hooks\\useHrInsights.js": {"lines":{"total":179,"covered":0,"skipped":0,"pct":0},"functions":{"total":1,"covered":0,"skipped":0,"pct":0},"statements":{"total":179,"covered":0,"skipped":0,"pct":0},"branches":{"total":1,"covered":0,"skipped":0,"pct":0}}
,"C:\\Users\\wenqi\\Desktop\\spm_proj\\ColdStorage\\src\\utils\\hooks\\useManagerProjects.js": {"lines":{"total":146,"covered":0,"skipped":0,"pct":0},"functions":{"total":1,"covered":0,"skipped":0,"pct":0},"statements":{"total":146,"covered":0,"skipped":0,"pct":0},"branches":{"total":1,"covered":0,"skipped":0,"pct":0}}
,"C:\\Users\\wenqi\\Desktop\\spm_proj\\ColdStorage\\src\\utils\\hooks\\useManagerTasks.js": {"lines":{"total":259,"covered":0,"skipped":0,"pct":0},"functions":{"total":1,"covered":0,"skipped":0,"pct":0},"statements":{"total":259,"covered":0,"skipped":0,"pct":0},"branches":{"total":1,"covered":0,"skipped":0,"pct":0}}
,"C:\\Users\\wenqi\\Desktop\\spm_proj\\ColdStorage\\src\\utils\\hooks\\useNotification.js": {"lines":{"total":384,"covered":0,"skipped":0,"pct":0},"functions":{"total":1,"covered":0,"skipped":0,"pct":0},"statements":{"total":384,"covered":0,"skipped":0,"pct":0},"branches":{"total":1,"covered":0,"skipped":0,"pct":0}}
,"C:\\Users\\wenqi\\Desktop\\spm_proj\\ColdStorage\\src\\utils\\hooks\\useProjects.js": {"lines":{"total":404,"covered":0,"skipped":0,"pct":0},"functions":{"total":1,"covered":0,"skipped":0,"pct":0},"statements":{"total":404,"covered":0,"skipped":0,"pct":0},"branches":{"total":1,"covered":0,"skipped":0,"pct":0}}
,"C:\\Users\\wenqi\\Desktop\\spm_proj\\ColdStorage\\src\\utils\\hooks\\useSubtasks.js": {"lines":{"total":146,"covered":0,"skipped":0,"pct":0},"functions":{"total":1,"covered":0,"skipped":0,"pct":0},"statements":{"total":146,"covered":0,"skipped":0,"pct":0},"branches":{"total":1,"covered":0,"skipped":0,"pct":0}}
,"C:\\Users\\wenqi\\Desktop\\spm_proj\\ColdStorage\\src\\utils\\hooks\\useTasks.js": {"lines":{"total":447,"covered":0,"skipped":0,"pct":0},"functions":{"total":1,"covered":0,"skipped":0,"pct":0},"statements":{"total":447,"covered":0,"skipped":0,"pct":0},"branches":{"total":1,"covered":0,"skipped":0,"pct":0}}
,"C:\\Users\\wenqi\\Desktop\\spm_proj\\ColdStorage\\src\\utils\\hooks\\useUnreadCount.js": {"lines":{"total":28,"covered":0,"skipped":0,"pct":0},"functions":{"total":1,"covered":0,"skipped":0,"pct":0},"statements":{"total":28,"covered":0,"skipped":0,"pct":0},"branches":{"total":1,"covered":0,"skipped":0,"pct":0}}
,"C:\\Users\\wenqi\\Desktop\\spm_proj\\ColdStorage\\src\\utils\\hooks\\useUsers.js": {"lines":{"total":120,"covered":0,"skipped":0,"pct":0},"functions":{"total":1,"covered":0,"skipped":0,"pct":0},"statements":{"total":120,"covered":0,"skipped":0,"pct":0},"branches":{"total":1,"covered":0,"skipped":0,"pct":0}}
,"C:\\Users\\wenqi\\Desktop\\spm_proj\\ColdStorage\\src\\utils\\supabase\\client.js": {"lines":{"total":48,"covered":0,"skipped":0,"pct":0},"functions":{"total":1,"covered":0,"skipped":0,"pct":0},"statements":{"total":48,"covered":0,"skipped":0,"pct":0},"branches":{"total":1,"covered":0,"skipped":0,"pct":0}}
,"C:\\Users\\wenqi\\Desktop\\spm_proj\\ColdStorage\\src\\utils\\supabase\\server.js": {"lines":{"total":29,"covered":0,"skipped":0,"pct":0},"functions":{"total":1,"covered":0,"skipped":0,"pct":0},"statements":{"total":29,"covered":0,"skipped":0,"pct":0},"branches":{"total":1,"covered":0,"skipped":0,"pct":0}}
}
