{"total": {"lines":{"total":22064,"covered":5156,"skipped":0,"pct":23.36},"statements":{"total":22064,"covered":5156,"skipped":0,"pct":23.36},"functions":{"total":141,"covered":84,"skipped":0,"pct":59.57},"branches":{"total":1255,"covered":785,"skipped":0,"pct":62.54},"branchesTrue":{"total":0,"covered":0,"skipped":0,"pct":100}}
,"C:\\Users\\user\\ColdStorage\\middleware.js": {"lines":{"total":98,"covered":0,"skipped":0,"pct":0},"functions":{"total":1,"covered":0,"skipped":0,"pct":0},"statements":{"total":98,"covered":0,"skipped":0,"pct":0},"branches":{"total":1,"covered":0,"skipped":0,"pct":0}}
,"C:\\Users\\user\\ColdStorage\\next.config.ts": {"lines":{"total":3,"covered":0,"skipped":0,"pct":0},"functions":{"total":1,"covered":1,"skipped":0,"pct":100},"statements":{"total":3,"covered":0,"skipped":0,"pct":0},"branches":{"total":1,"covered":1,"skipped":0,"pct":100}}
,"C:\\Users\\user\\ColdStorage\\playwright.config.js": {"lines":{"total":24,"covered":0,"skipped":0,"pct":0},"functions":{"total":1,"covered":0,"skipped":0,"pct":0},"statements":{"total":24,"covered":0,"skipped":0,"pct":0},"branches":{"total":1,"covered":0,"skipped":0,"pct":0}}
,"C:\\Users\\user\\ColdStorage\\postcss.config.mjs": {"lines":{"total":6,"covered":0,"skipped":0,"pct":0},"functions":{"total":1,"covered":0,"skipped":0,"pct":0},"statements":{"total":6,"covered":0,"skipped":0,"pct":0},"branches":{"total":1,"covered":0,"skipped":0,"pct":0}}
,"C:\\Users\\user\\ColdStorage\\playwright-report\\trace\\index.Bx16ehp1.js": {"lines":{"total":2,"covered":0,"skipped":0,"pct":0},"functions":{"total":1,"covered":0,"skipped":0,"pct":0},"statements":{"total":2,"covered":0,"skipped":0,"pct":0},"branches":{"total":1,"covered":0,"skipped":0,"pct":0}}
,"C:\\Users\\user\\ColdStorage\\playwright-report\\trace\\sw.bundle.js": {"lines":{"total":3,"covered":0,"skipped":0,"pct":0},"functions":{"total":1,"covered":0,"skipped":0,"pct":0},"statements":{"total":3,"covered":0,"skipped":0,"pct":0},"branches":{"total":1,"covered":0,"skipped":0,"pct":0}}
,"C:\\Users\\user\\ColdStorage\\playwright-report\\trace\\uiMode.DRQ310U5.js": {"lines":{"total":5,"covered":0,"skipped":0,"pct":0},"functions":{"total":1,"covered":0,"skipped":0,"pct":0},"statements":{"total":5,"covered":0,"skipped":0,"pct":0},"branches":{"total":1,"covered":0,"skipped":0,"pct":0}}
,"C:\\Users\\user\\ColdStorage\\playwright-report\\trace\\assets\\codeMirrorModule-eyVcHN77.js": {"lines":{"total":24,"covered":0,"skipped":0,"pct":0},"functions":{"total":1,"covered":0,"skipped":0,"pct":0},"statements":{"total":24,"covered":0,"skipped":0,"pct":0},"branches":{"total":1,"covered":0,"skipped":0,"pct":0}}
,"C:\\Users\\user\\ColdStorage\\playwright-report\\trace\\assets\\defaultSettingsView-w0zYjHsW.js": {"lines":{"total":265,"covered":0,"skipped":0,"pct":0},"functions":{"total":1,"covered":0,"skipped":0,"pct":0},"statements":{"total":265,"covered":0,"skipped":0,"pct":0},"branches":{"total":1,"covered":0,"skipped":0,"pct":0}}
,"C:\\Users\\user\\ColdStorage\\server\\index.js": {"lines":{"total":50,"covered":41,"skipped":0,"pct":82},"functions":{"total":0,"covered":0,"skipped":0,"pct":100},"statements":{"total":50,"covered":41,"skipped":0,"pct":82},"branches":{"total":3,"covered":1,"skipped":0,"pct":33.33}}
,"C:\\Users\\user\\ColdStorage\\server\\lib\\supabase.js": {"lines":{"total":128,"covered":89,"skipped":0,"pct":69.53},"functions":{"total":6,"covered":4,"skipped":0,"pct":66.66},"statements":{"total":128,"covered":89,"skipped":0,"pct":69.53},"branches":{"total":20,"covered":10,"skipped":0,"pct":50}}
,"C:\\Users\\user\\ColdStorage\\server\\routes\\auth.js": {"lines":{"total":103,"covered":95,"skipped":0,"pct":92.23},"functions":{"total":0,"covered":0,"skipped":0,"pct":100},"statements":{"total":103,"covered":95,"skipped":0,"pct":92.23},"branches":{"total":19,"covered":13,"skipped":0,"pct":68.42}}
,"C:\\Users\\user\\ColdStorage\\server\\routes\\department_teams.js": {"lines":{"total":321,"covered":277,"skipped":0,"pct":86.29},"functions":{"total":0,"covered":0,"skipped":0,"pct":100},"statements":{"total":321,"covered":277,"skipped":0,"pct":86.29},"branches":{"total":85,"covered":59,"skipped":0,"pct":69.41}}
,"C:\\Users\\user\\ColdStorage\\server\\routes\\director.js": {"lines":{"total":489,"covered":477,"skipped":0,"pct":97.54},"functions":{"total":0,"covered":0,"skipped":0,"pct":100},"statements":{"total":489,"covered":477,"skipped":0,"pct":97.54},"branches":{"total":75,"covered":52,"skipped":0,"pct":69.33}}
,"C:\\Users\\user\\ColdStorage\\server\\routes\\hr.js": {"lines":{"total":495,"covered":488,"skipped":0,"pct":98.58},"functions":{"total":1,"covered":1,"skipped":0,"pct":100},"statements":{"total":495,"covered":488,"skipped":0,"pct":98.58},"branches":{"total":76,"covered":67,"skipped":0,"pct":88.15}}
,"C:\\Users\\user\\ColdStorage\\server\\routes\\manager-projects.js": {"lines":{"total":196,"covered":171,"skipped":0,"pct":87.24},"functions":{"total":0,"covered":0,"skipped":0,"pct":100},"statements":{"total":196,"covered":171,"skipped":0,"pct":87.24},"branches":{"total":55,"covered":44,"skipped":0,"pct":80}}
,"C:\\Users\\user\\ColdStorage\\server\\routes\\notification.js": {"lines":{"total":366,"covered":295,"skipped":0,"pct":80.6},"functions":{"total":2,"covered":2,"skipped":0,"pct":100},"statements":{"total":366,"covered":295,"skipped":0,"pct":80.6},"branches":{"total":73,"covered":43,"skipped":0,"pct":58.9}}
,"C:\\Users\\user\\ColdStorage\\server\\routes\\projects.js": {"lines":{"total":496,"covered":413,"skipped":0,"pct":83.26},"functions":{"total":0,"covered":0,"skipped":0,"pct":100},"statements":{"total":496,"covered":413,"skipped":0,"pct":83.26},"branches":{"total":122,"covered":75,"skipped":0,"pct":61.47}}
,"C:\\Users\\user\\ColdStorage\\server\\routes\\report.js": {"lines":{"total":136,"covered":132,"skipped":0,"pct":97.05},"functions":{"total":0,"covered":0,"skipped":0,"pct":100},"statements":{"total":136,"covered":132,"skipped":0,"pct":97.05},"branches":{"total":14,"covered":14,"skipped":0,"pct":100}}
,"C:\\Users\\user\\ColdStorage\\server\\routes\\subtasks.js": {"lines":{"total":411,"covered":302,"skipped":0,"pct":73.47},"functions":{"total":3,"covered":2,"skipped":0,"pct":66.66},"statements":{"total":411,"covered":302,"skipped":0,"pct":73.47},"branches":{"total":90,"covered":28,"skipped":0,"pct":31.11}}
,"C:\\Users\\user\\ColdStorage\\server\\routes\\tasks.js": {"lines":{"total":1617,"covered":1147,"skipped":0,"pct":70.93},"functions":{"total":3,"covered":3,"skipped":0,"pct":100},"statements":{"total":1617,"covered":1147,"skipped":0,"pct":70.93},"branches":{"total":281,"covered":163,"skipped":0,"pct":58}}
,"C:\\Users\\user\\ColdStorage\\server\\routes\\users.js": {"lines":{"total":161,"covered":157,"skipped":0,"pct":97.51},"functions":{"total":0,"covered":0,"skipped":0,"pct":100},"statements":{"total":161,"covered":157,"skipped":0,"pct":97.51},"branches":{"total":56,"covered":51,"skipped":0,"pct":91.07}}
,"C:\\Users\\user\\ColdStorage\\server\\schemas\\task.js": {"lines":{"total":44,"covered":44,"skipped":0,"pct":100},"functions":{"total":0,"covered":0,"skipped":0,"pct":100},"statements":{"total":44,"covered":44,"skipped":0,"pct":100},"branches":{"total":0,"covered":0,"skipped":0,"pct":100}}
,"C:\\Users\\user\\ColdStorage\\server\\services\\deadlineNotificationService.js": {"lines":{"total":471,"covered":336,"skipped":0,"pct":71.33},"functions":{"total":17,"covered":12,"skipped":0,"pct":70.58},"statements":{"total":471,"covered":336,"skipped":0,"pct":71.33},"branches":{"total":91,"covered":57,"skipped":0,"pct":62.63}}
,"C:\\Users\\user\\ColdStorage\\server\\services\\recurrenceService.js": {"lines":{"total":422,"covered":317,"skipped":0,"pct":75.11},"functions":{"total":8,"covered":7,"skipped":0,"pct":87.5},"statements":{"total":422,"covered":317,"skipped":0,"pct":75.11},"branches":{"total":47,"covered":21,"skipped":0,"pct":44.68}}
,"C:\\Users\\user\\ColdStorage\\src\\app\\layout.tsx": {"lines":{"total":32,"covered":0,"skipped":0,"pct":0},"functions":{"total":1,"covered":1,"skipped":0,"pct":100},"statements":{"total":32,"covered":0,"skipped":0,"pct":0},"branches":{"total":1,"covered":1,"skipped":0,"pct":100}}
,"C:\\Users\\user\\ColdStorage\\src\\app\\page.js": {"lines":{"total":32,"covered":0,"skipped":0,"pct":0},"functions":{"total":1,"covered":0,"skipped":0,"pct":0},"statements":{"total":32,"covered":0,"skipped":0,"pct":0},"branches":{"total":1,"covered":0,"skipped":0,"pct":0}}
,"C:\\Users\\user\\ColdStorage\\src\\app\\dashboard\\DirectorDashboard.js": {"lines":{"total":532,"covered":0,"skipped":0,"pct":0},"functions":{"total":1,"covered":0,"skipped":0,"pct":0},"statements":{"total":532,"covered":0,"skipped":0,"pct":0},"branches":{"total":1,"covered":0,"skipped":0,"pct":0}}
,"C:\\Users\\user\\ColdStorage\\src\\app\\dashboard\\HrDashboard.js": {"lines":{"total":679,"covered":0,"skipped":0,"pct":0},"functions":{"total":1,"covered":0,"skipped":0,"pct":0},"statements":{"total":679,"covered":0,"skipped":0,"pct":0},"branches":{"total":1,"covered":0,"skipped":0,"pct":0}}
,"C:\\Users\\user\\ColdStorage\\src\\app\\dashboard\\ManagerDashboard.js": {"lines":{"total":246,"covered":0,"skipped":0,"pct":0},"functions":{"total":1,"covered":0,"skipped":0,"pct":0},"statements":{"total":246,"covered":0,"skipped":0,"pct":0},"branches":{"total":1,"covered":0,"skipped":0,"pct":0}}
,"C:\\Users\\user\\ColdStorage\\src\\app\\dashboard\\StaffDashboard.js": {"lines":{"total":221,"covered":0,"skipped":0,"pct":0},"functions":{"total":1,"covered":0,"skipped":0,"pct":0},"statements":{"total":221,"covered":0,"skipped":0,"pct":0},"branches":{"total":1,"covered":0,"skipped":0,"pct":0}}
,"C:\\Users\\user\\ColdStorage\\src\\app\\dashboard\\page.js": {"lines":{"total":404,"covered":0,"skipped":0,"pct":0},"functions":{"total":1,"covered":0,"skipped":0,"pct":0},"statements":{"total":404,"covered":0,"skipped":0,"pct":0},"branches":{"total":1,"covered":0,"skipped":0,"pct":0}}
,"C:\\Users\\user\\ColdStorage\\src\\app\\dashboard\\tasks\\page.js": {"lines":{"total":436,"covered":0,"skipped":0,"pct":0},"functions":{"total":1,"covered":0,"skipped":0,"pct":0},"statements":{"total":436,"covered":0,"skipped":0,"pct":0},"branches":{"total":1,"covered":0,"skipped":0,"pct":0}}
,"C:\\Users\\user\\ColdStorage\\src\\app\\dashboard\\tasks\\components\\DirectorTasksView.jsx": {"lines":{"total":61,"covered":0,"skipped":0,"pct":0},"functions":{"total":1,"covered":1,"skipped":0,"pct":100},"statements":{"total":61,"covered":0,"skipped":0,"pct":0},"branches":{"total":1,"covered":1,"skipped":0,"pct":100}}
,"C:\\Users\\user\\ColdStorage\\src\\app\\dashboard\\tasks\\components\\HRTasksView.jsx": {"lines":{"total":116,"covered":0,"skipped":0,"pct":0},"functions":{"total":1,"covered":1,"skipped":0,"pct":100},"statements":{"total":116,"covered":0,"skipped":0,"pct":0},"branches":{"total":1,"covered":1,"skipped":0,"pct":100}}
,"C:\\Users\\user\\ColdStorage\\src\\app\\dashboard\\tasks\\components\\ManagerTasks.jsx": {"lines":{"total":108,"covered":0,"skipped":0,"pct":0},"functions":{"total":1,"covered":1,"skipped":0,"pct":100},"statements":{"total":108,"covered":0,"skipped":0,"pct":0},"branches":{"total":1,"covered":1,"skipped":0,"pct":100}}
,"C:\\Users\\user\\ColdStorage\\src\\app\\dashboard\\tasks\\components\\ManagerTasksView.jsx": {"lines":{"total":329,"covered":0,"skipped":0,"pct":0},"functions":{"total":1,"covered":1,"skipped":0,"pct":100},"statements":{"total":329,"covered":0,"skipped":0,"pct":0},"branches":{"total":1,"covered":1,"skipped":0,"pct":100}}
,"C:\\Users\\user\\ColdStorage\\src\\app\\dashboard\\tasks\\components\\StaffTasksView.jsx": {"lines":{"total":88,"covered":0,"skipped":0,"pct":0},"functions":{"total":1,"covered":1,"skipped":0,"pct":100},"statements":{"total":88,"covered":0,"skipped":0,"pct":0},"branches":{"total":1,"covered":1,"skipped":0,"pct":100}}
,"C:\\Users\\user\\ColdStorage\\src\\app\\dashboard\\tasks\\components\\taskUtils.js": {"lines":{"total":41,"covered":0,"skipped":0,"pct":0},"functions":{"total":1,"covered":0,"skipped":0,"pct":0},"statements":{"total":41,"covered":0,"skipped":0,"pct":0},"branches":{"total":1,"covered":0,"skipped":0,"pct":0}}
,"C:\\Users\\user\\ColdStorage\\src\\app\\dashboard\\tasks\\create\\page.js": {"lines":{"total":387,"covered":0,"skipped":0,"pct":0},"functions":{"total":1,"covered":0,"skipped":0,"pct":0},"statements":{"total":387,"covered":0,"skipped":0,"pct":0},"branches":{"total":1,"covered":0,"skipped":0,"pct":0}}
,"C:\\Users\\user\\ColdStorage\\src\\app\\dashboard\\tasks\\hr\\page.js": {"lines":{"total":183,"covered":0,"skipped":0,"pct":0},"functions":{"total":1,"covered":0,"skipped":0,"pct":0},"statements":{"total":183,"covered":0,"skipped":0,"pct":0},"branches":{"total":1,"covered":0,"skipped":0,"pct":0}}
,"C:\\Users\\user\\ColdStorage\\src\\app\\login\\page.js": {"lines":{"total":116,"covered":0,"skipped":0,"pct":0},"functions":{"total":1,"covered":0,"skipped":0,"pct":0},"statements":{"total":116,"covered":0,"skipped":0,"pct":0},"branches":{"total":1,"covered":0,"skipped":0,"pct":0}}
,"C:\\Users\\user\\ColdStorage\\src\\app\\notifications\\page.js": {"lines":{"total":509,"covered":0,"skipped":0,"pct":0},"functions":{"total":1,"covered":0,"skipped":0,"pct":0},"statements":{"total":509,"covered":0,"skipped":0,"pct":0},"branches":{"total":1,"covered":0,"skipped":0,"pct":0}}
,"C:\\Users\\user\\ColdStorage\\src\\app\\profile\\page.js": {"lines":{"total":5,"covered":0,"skipped":0,"pct":0},"functions":{"total":1,"covered":0,"skipped":0,"pct":0},"statements":{"total":5,"covered":0,"skipped":0,"pct":0},"branches":{"total":1,"covered":0,"skipped":0,"pct":0}}
,"C:\\Users\\user\\ColdStorage\\src\\app\\projects\\page.js": {"lines":{"total":905,"covered":0,"skipped":0,"pct":0},"functions":{"total":1,"covered":0,"skipped":0,"pct":0},"statements":{"total":905,"covered":0,"skipped":0,"pct":0},"branches":{"total":1,"covered":0,"skipped":0,"pct":0}}
,"C:\\Users\\user\\ColdStorage\\src\\app\\register\\page.js": {"lines":{"total":245,"covered":0,"skipped":0,"pct":0},"functions":{"total":1,"covered":0,"skipped":0,"pct":0},"statements":{"total":245,"covered":0,"skipped":0,"pct":0},"branches":{"total":1,"covered":0,"skipped":0,"pct":0}}
,"C:\\Users\\user\\ColdStorage\\src\\app\\report\\page.js": {"lines":{"total":716,"covered":0,"skipped":0,"pct":0},"functions":{"total":1,"covered":0,"skipped":0,"pct":0},"statements":{"total":716,"covered":0,"skipped":0,"pct":0},"branches":{"total":1,"covered":0,"skipped":0,"pct":0}}
,"C:\\Users\\user\\ColdStorage\\src\\app\\schedule\\page.js": {"lines":{"total":664,"covered":0,"skipped":0,"pct":0},"functions":{"total":1,"covered":0,"skipped":0,"pct":0},"statements":{"total":664,"covered":0,"skipped":0,"pct":0},"branches":{"total":1,"covered":0,"skipped":0,"pct":0}}
,"C:\\Users\\user\\ColdStorage\\src\\components\\layout\\HeaderBar.jsx": {"lines":{"total":23,"covered":0,"skipped":0,"pct":0},"functions":{"total":1,"covered":1,"skipped":0,"pct":100},"statements":{"total":23,"covered":0,"skipped":0,"pct":0},"branches":{"total":1,"covered":1,"skipped":0,"pct":100}}
,"C:\\Users\\user\\ColdStorage\\src\\components\\layout\\SidebarLayout.jsx": {"lines":{"total":121,"covered":0,"skipped":0,"pct":0},"functions":{"total":1,"covered":1,"skipped":0,"pct":100},"statements":{"total":121,"covered":0,"skipped":0,"pct":0},"branches":{"total":1,"covered":1,"skipped":0,"pct":100}}
,"C:\\Users\\user\\ColdStorage\\src\\components\\notifications\\DeadlineNotificationManager.jsx": {"lines":{"total":84,"covered":0,"skipped":0,"pct":0},"functions":{"total":1,"covered":0,"skipped":0,"pct":0},"statements":{"total":84,"covered":0,"skipped":0,"pct":0},"branches":{"total":1,"covered":0,"skipped":0,"pct":0}}
,"C:\\Users\\user\\ColdStorage\\src\\components\\notifications\\NotificationInitializer.jsx": {"lines":{"total":74,"covered":0,"skipped":0,"pct":0},"functions":{"total":1,"covered":1,"skipped":0,"pct":100},"statements":{"total":74,"covered":0,"skipped":0,"pct":0},"branches":{"total":1,"covered":1,"skipped":0,"pct":100}}
,"C:\\Users\\user\\ColdStorage\\src\\components\\projects\\ProjectTaskCard.jsx": {"lines":{"total":196,"covered":0,"skipped":0,"pct":0},"functions":{"total":1,"covered":1,"skipped":0,"pct":100},"statements":{"total":196,"covered":0,"skipped":0,"pct":0},"branches":{"total":1,"covered":1,"skipped":0,"pct":100}}
,"C:\\Users\\user\\ColdStorage\\src\\components\\projects\\ProjectTaskColumn.jsx": {"lines":{"total":48,"covered":0,"skipped":0,"pct":0},"functions":{"total":1,"covered":1,"skipped":0,"pct":100},"statements":{"total":48,"covered":0,"skipped":0,"pct":0},"branches":{"total":1,"covered":1,"skipped":0,"pct":100}}
,"C:\\Users\\user\\ColdStorage\\src\\components\\providers\\ClientProviders.jsx": {"lines":{"total":7,"covered":0,"skipped":0,"pct":0},"functions":{"total":1,"covered":1,"skipped":0,"pct":100},"statements":{"total":7,"covered":0,"skipped":0,"pct":0},"branches":{"total":1,"covered":1,"skipped":0,"pct":100}}
,"C:\\Users\\user\\ColdStorage\\src\\components\\report\\DepartmentTeamWorkload.jsx": {"lines":{"total":158,"covered":0,"skipped":0,"pct":0},"functions":{"total":1,"covered":1,"skipped":0,"pct":100},"statements":{"total":158,"covered":0,"skipped":0,"pct":0},"branches":{"total":1,"covered":1,"skipped":0,"pct":100}}
,"C:\\Users\\user\\ColdStorage\\src\\components\\report\\FilterSection.jsx": {"lines":{"total":34,"covered":0,"skipped":0,"pct":0},"functions":{"total":1,"covered":1,"skipped":0,"pct":100},"statements":{"total":34,"covered":0,"skipped":0,"pct":0},"branches":{"total":1,"covered":1,"skipped":0,"pct":100}}
,"C:\\Users\\user\\ColdStorage\\src\\components\\report\\ProjectCard.jsx": {"lines":{"total":55,"covered":0,"skipped":0,"pct":0},"functions":{"total":1,"covered":1,"skipped":0,"pct":100},"statements":{"total":55,"covered":0,"skipped":0,"pct":0},"branches":{"total":1,"covered":1,"skipped":0,"pct":100}}
,"C:\\Users\\user\\ColdStorage\\src\\components\\report\\ProjectStatusReport.jsx": {"lines":{"total":526,"covered":0,"skipped":0,"pct":0},"functions":{"total":1,"covered":1,"skipped":0,"pct":100},"statements":{"total":526,"covered":0,"skipped":0,"pct":0},"branches":{"total":1,"covered":1,"skipped":0,"pct":100}}
,"C:\\Users\\user\\ColdStorage\\src\\components\\report\\ProjectsSection.jsx": {"lines":{"total":39,"covered":0,"skipped":0,"pct":0},"functions":{"total":1,"covered":1,"skipped":0,"pct":100},"statements":{"total":39,"covered":0,"skipped":0,"pct":0},"branches":{"total":1,"covered":1,"skipped":0,"pct":100}}
,"C:\\Users\\user\\ColdStorage\\src\\components\\report\\ReportCard.jsx": {"lines":{"total":32,"covered":0,"skipped":0,"pct":0},"functions":{"total":1,"covered":1,"skipped":0,"pct":100},"statements":{"total":32,"covered":0,"skipped":0,"pct":0},"branches":{"total":1,"covered":1,"skipped":0,"pct":100}}
,"C:\\Users\\user\\ColdStorage\\src\\components\\report\\ReportPreviewModal.jsx": {"lines":{"total":906,"covered":0,"skipped":0,"pct":0},"functions":{"total":1,"covered":1,"skipped":0,"pct":100},"statements":{"total":906,"covered":0,"skipped":0,"pct":0},"branches":{"total":1,"covered":1,"skipped":0,"pct":100}}
,"C:\\Users\\user\\ColdStorage\\src\\components\\tasks\\RecurrenceHistoryModal.jsx": {"lines":{"total":159,"covered":0,"skipped":0,"pct":0},"functions":{"total":1,"covered":1,"skipped":0,"pct":100},"statements":{"total":159,"covered":0,"skipped":0,"pct":0},"branches":{"total":1,"covered":1,"skipped":0,"pct":100}}
,"C:\\Users\\user\\ColdStorage\\src\\components\\tasks\\RecurrenceStatus.jsx": {"lines":{"total":114,"covered":0,"skipped":0,"pct":0},"functions":{"total":1,"covered":1,"skipped":0,"pct":100},"statements":{"total":114,"covered":0,"skipped":0,"pct":0},"branches":{"total":1,"covered":1,"skipped":0,"pct":100}}
,"C:\\Users\\user\\ColdStorage\\src\\components\\tasks\\SubtaskEditModal.jsx": {"lines":{"total":152,"covered":0,"skipped":0,"pct":0},"functions":{"total":1,"covered":1,"skipped":0,"pct":100},"statements":{"total":152,"covered":0,"skipped":0,"pct":0},"branches":{"total":1,"covered":1,"skipped":0,"pct":100}}
,"C:\\Users\\user\\ColdStorage\\src\\components\\tasks\\SubtaskManager.jsx": {"lines":{"total":216,"covered":0,"skipped":0,"pct":0},"functions":{"total":1,"covered":1,"skipped":0,"pct":100},"statements":{"total":216,"covered":0,"skipped":0,"pct":0},"branches":{"total":1,"covered":1,"skipped":0,"pct":100}}
,"C:\\Users\\user\\ColdStorage\\src\\components\\tasks\\TaskCard.jsx": {"lines":{"total":598,"covered":0,"skipped":0,"pct":0},"functions":{"total":1,"covered":1,"skipped":0,"pct":100},"statements":{"total":598,"covered":0,"skipped":0,"pct":0},"branches":{"total":1,"covered":1,"skipped":0,"pct":100}}
,"C:\\Users\\user\\ColdStorage\\src\\components\\tasks\\TaskDetailsModal.jsx": {"lines":{"total":377,"covered":0,"skipped":0,"pct":0},"functions":{"total":1,"covered":1,"skipped":0,"pct":100},"statements":{"total":377,"covered":0,"skipped":0,"pct":0},"branches":{"total":1,"covered":1,"skipped":0,"pct":100}}
,"C:\\Users\\user\\ColdStorage\\src\\components\\tasks\\TaskEditModal.jsx": {"lines":{"total":660,"covered":0,"skipped":0,"pct":0},"functions":{"total":1,"covered":1,"skipped":0,"pct":100},"statements":{"total":660,"covered":0,"skipped":0,"pct":0},"branches":{"total":1,"covered":1,"skipped":0,"pct":100}}
,"C:\\Users\\user\\ColdStorage\\src\\components\\tasks\\TaskForm.jsx": {"lines":{"total":476,"covered":0,"skipped":0,"pct":0},"functions":{"total":1,"covered":1,"skipped":0,"pct":100},"statements":{"total":476,"covered":0,"skipped":0,"pct":0},"branches":{"total":1,"covered":1,"skipped":0,"pct":100}}
,"C:\\Users\\user\\ColdStorage\\src\\components\\ui\\Alert.jsx": {"lines":{"total":13,"covered":0,"skipped":0,"pct":0},"functions":{"total":1,"covered":1,"skipped":0,"pct":100},"statements":{"total":13,"covered":0,"skipped":0,"pct":0},"branches":{"total":1,"covered":1,"skipped":0,"pct":100}}
,"C:\\Users\\user\\ColdStorage\\src\\components\\ui\\Badge.jsx": {"lines":{"total":41,"covered":0,"skipped":0,"pct":0},"functions":{"total":1,"covered":1,"skipped":0,"pct":100},"statements":{"total":41,"covered":0,"skipped":0,"pct":0},"branches":{"total":1,"covered":1,"skipped":0,"pct":100}}
,"C:\\Users\\user\\ColdStorage\\src\\components\\ui\\StatCard.jsx": {"lines":{"total":27,"covered":0,"skipped":0,"pct":0},"functions":{"total":1,"covered":1,"skipped":0,"pct":100},"statements":{"total":27,"covered":0,"skipped":0,"pct":0},"branches":{"total":1,"covered":1,"skipped":0,"pct":100}}
,"C:\\Users\\user\\ColdStorage\\src\\components\\ui\\Table.jsx": {"lines":{"total":14,"covered":0,"skipped":0,"pct":0},"functions":{"total":1,"covered":1,"skipped":0,"pct":100},"statements":{"total":14,"covered":0,"skipped":0,"pct":0},"branches":{"total":1,"covered":1,"skipped":0,"pct":100}}
,"C:\\Users\\user\\ColdStorage\\src\\components\\ui\\Toast.jsx": {"lines":{"total":23,"covered":0,"skipped":0,"pct":0},"functions":{"total":1,"covered":1,"skipped":0,"pct":100},"statements":{"total":23,"covered":0,"skipped":0,"pct":0},"branches":{"total":1,"covered":1,"skipped":0,"pct":100}}
,"C:\\Users\\user\\ColdStorage\\src\\constants\\taskConstants.js": {"lines":{"total":56,"covered":0,"skipped":0,"pct":0},"functions":{"total":1,"covered":0,"skipped":0,"pct":0},"statements":{"total":56,"covered":0,"skipped":0,"pct":0},"branches":{"total":1,"covered":0,"skipped":0,"pct":0}}
,"C:\\Users\\user\\ColdStorage\\src\\contexts\\NotificationContext.js": {"lines":{"total":27,"covered":0,"skipped":0,"pct":0},"functions":{"total":1,"covered":0,"skipped":0,"pct":0},"statements":{"total":27,"covered":0,"skipped":0,"pct":0},"branches":{"total":1,"covered":0,"skipped":0,"pct":0}}
,"C:\\Users\\user\\ColdStorage\\src\\utils\\calendarUtils.js": {"lines":{"total":185,"covered":180,"skipped":0,"pct":97.29},"functions":{"total":11,"covered":10,"skipped":0,"pct":90.9},"statements":{"total":185,"covered":180,"skipped":0,"pct":97.29},"branches":{"total":31,"covered":25,"skipped":0,"pct":80.64}}
,"C:\\Users\\user\\ColdStorage\\src\\utils\\dateUtils.js": {"lines":{"total":0,"covered":0,"skipped":0,"pct":100},"functions":{"total":1,"covered":1,"skipped":0,"pct":100},"statements":{"total":0,"covered":0,"skipped":0,"pct":100},"branches":{"total":1,"covered":1,"skipped":0,"pct":100}}
,"C:\\Users\\user\\ColdStorage\\src\\utils\\notificationStore.js": {"lines":{"total":32,"covered":0,"skipped":0,"pct":0},"functions":{"total":1,"covered":0,"skipped":0,"pct":0},"statements":{"total":32,"covered":0,"skipped":0,"pct":0},"branches":{"total":1,"covered":0,"skipped":0,"pct":0}}
,"C:\\Users\\user\\ColdStorage\\src\\utils\\notificationUtils.js": {"lines":{"total":70,"covered":49,"skipped":0,"pct":70},"functions":{"total":5,"covered":2,"skipped":0,"pct":40},"statements":{"total":70,"covered":49,"skipped":0,"pct":70},"branches":{"total":4,"covered":3,"skipped":0,"pct":75}}
,"C:\\Users\\user\\ColdStorage\\src\\utils\\reportUtils.js": {"lines":{"total":158,"covered":146,"skipped":0,"pct":92.4},"functions":{"total":7,"covered":7,"skipped":0,"pct":100},"statements":{"total":158,"covered":146,"skipped":0,"pct":92.4},"branches":{"total":35,"covered":25,"skipped":0,"pct":71.42}}
,"C:\\Users\\user\\ColdStorage\\src\\utils\\hooks\\useAuth.js": {"lines":{"total":229,"covered":0,"skipped":0,"pct":0},"functions":{"total":1,"covered":0,"skipped":0,"pct":0},"statements":{"total":229,"covered":0,"skipped":0,"pct":0},"branches":{"total":1,"covered":0,"skipped":0,"pct":0}}
,"C:\\Users\\user\\ColdStorage\\src\\utils\\hooks\\useDeadlineNotifications.js": {"lines":{"total":177,"covered":0,"skipped":0,"pct":0},"functions":{"total":1,"covered":0,"skipped":0,"pct":0},"statements":{"total":177,"covered":0,"skipped":0,"pct":0},"branches":{"total":1,"covered":0,"skipped":0,"pct":0}}
,"C:\\Users\\user\\ColdStorage\\src\\utils\\hooks\\useDepartmentTeams.js": {"lines":{"total":92,"covered":0,"skipped":0,"pct":0},"functions":{"total":1,"covered":0,"skipped":0,"pct":0},"statements":{"total":92,"covered":0,"skipped":0,"pct":0},"branches":{"total":1,"covered":0,"skipped":0,"pct":0}}
,"C:\\Users\\user\\ColdStorage\\src\\utils\\hooks\\useDirectorInsights.js": {"lines":{"total":283,"covered":0,"skipped":0,"pct":0},"functions":{"total":1,"covered":0,"skipped":0,"pct":0},"statements":{"total":283,"covered":0,"skipped":0,"pct":0},"branches":{"total":1,"covered":0,"skipped":0,"pct":0}}
,"C:\\Users\\user\\ColdStorage\\src\\utils\\hooks\\useHrInsights.js": {"lines":{"total":179,"covered":0,"skipped":0,"pct":0},"functions":{"total":1,"covered":0,"skipped":0,"pct":0},"statements":{"total":179,"covered":0,"skipped":0,"pct":0},"branches":{"total":1,"covered":0,"skipped":0,"pct":0}}
,"C:\\Users\\user\\ColdStorage\\src\\utils\\hooks\\useManagerProjects.js": {"lines":{"total":146,"covered":0,"skipped":0,"pct":0},"functions":{"total":1,"covered":0,"skipped":0,"pct":0},"statements":{"total":146,"covered":0,"skipped":0,"pct":0},"branches":{"total":1,"covered":0,"skipped":0,"pct":0}}
,"C:\\Users\\user\\ColdStorage\\src\\utils\\hooks\\useManagerTasks.js": {"lines":{"total":259,"covered":0,"skipped":0,"pct":0},"functions":{"total":1,"covered":0,"skipped":0,"pct":0},"statements":{"total":259,"covered":0,"skipped":0,"pct":0},"branches":{"total":1,"covered":0,"skipped":0,"pct":0}}
,"C:\\Users\\user\\ColdStorage\\src\\utils\\hooks\\useNotification.js": {"lines":{"total":384,"covered":0,"skipped":0,"pct":0},"functions":{"total":1,"covered":0,"skipped":0,"pct":0},"statements":{"total":384,"covered":0,"skipped":0,"pct":0},"branches":{"total":1,"covered":0,"skipped":0,"pct":0}}
,"C:\\Users\\user\\ColdStorage\\src\\utils\\hooks\\useProjects.js": {"lines":{"total":404,"covered":0,"skipped":0,"pct":0},"functions":{"total":1,"covered":0,"skipped":0,"pct":0},"statements":{"total":404,"covered":0,"skipped":0,"pct":0},"branches":{"total":1,"covered":0,"skipped":0,"pct":0}}
,"C:\\Users\\user\\ColdStorage\\src\\utils\\hooks\\useSubtasks.js": {"lines":{"total":146,"covered":0,"skipped":0,"pct":0},"functions":{"total":1,"covered":0,"skipped":0,"pct":0},"statements":{"total":146,"covered":0,"skipped":0,"pct":0},"branches":{"total":1,"covered":0,"skipped":0,"pct":0}}
,"C:\\Users\\user\\ColdStorage\\src\\utils\\hooks\\useTasks.js": {"lines":{"total":448,"covered":0,"skipped":0,"pct":0},"functions":{"total":1,"covered":0,"skipped":0,"pct":0},"statements":{"total":448,"covered":0,"skipped":0,"pct":0},"branches":{"total":1,"covered":0,"skipped":0,"pct":0}}
,"C:\\Users\\user\\ColdStorage\\src\\utils\\hooks\\useUnreadCount.js": {"lines":{"total":28,"covered":0,"skipped":0,"pct":0},"functions":{"total":1,"covered":0,"skipped":0,"pct":0},"statements":{"total":28,"covered":0,"skipped":0,"pct":0},"branches":{"total":1,"covered":0,"skipped":0,"pct":0}}
,"C:\\Users\\user\\ColdStorage\\src\\utils\\hooks\\useUsers.js": {"lines":{"total":120,"covered":0,"skipped":0,"pct":0},"functions":{"total":1,"covered":0,"skipped":0,"pct":0},"statements":{"total":120,"covered":0,"skipped":0,"pct":0},"branches":{"total":1,"covered":0,"skipped":0,"pct":0}}
,"C:\\Users\\user\\ColdStorage\\src\\utils\\supabase\\client.js": {"lines":{"total":48,"covered":0,"skipped":0,"pct":0},"functions":{"total":1,"covered":0,"skipped":0,"pct":0},"statements":{"total":48,"covered":0,"skipped":0,"pct":0},"branches":{"total":1,"covered":0,"skipped":0,"pct":0}}
,"C:\\Users\\user\\ColdStorage\\src\\utils\\supabase\\server.js": {"lines":{"total":29,"covered":0,"skipped":0,"pct":0},"functions":{"total":1,"covered":0,"skipped":0,"pct":0},"statements":{"total":29,"covered":0,"skipped":0,"pct":0},"branches":{"total":1,"covered":0,"skipped":0,"pct":0}}
}
