{"total": {"lines":{"total":21605,"covered":1005,"skipped":0,"pct":4.65},"statements":{"total":21605,"covered":1005,"skipped":0,"pct":4.65},"functions":{"total":122,"covered":57,"skipped":0,"pct":46.72},"branches":{"total":279,"covered":148,"skipped":0,"pct":53.04},"branchesTrue":{"total":0,"covered":0,"skipped":0,"pct":100}}
,"C:\\Users\\wenqi\\Desktop\\spm_proj\\ColdStorage\\middleware.js": {"lines":{"total":98,"covered":0,"skipped":0,"pct":0},"functions":{"total":1,"covered":0,"skipped":0,"pct":0},"statements":{"total":98,"covered":0,"skipped":0,"pct":0},"branches":{"total":1,"covered":0,"skipped":0,"pct":0}}
,"C:\\Users\\wenqi\\Desktop\\spm_proj\\ColdStorage\\next.config.ts": {"lines":{"total":3,"covered":0,"skipped":0,"pct":0},"functions":{"total":1,"covered":1,"skipped":0,"pct":100},"statements":{"total":3,"covered":0,"skipped":0,"pct":0},"branches":{"total":1,"covered":1,"skipped":0,"pct":100}}
,"C:\\Users\\wenqi\\Desktop\\spm_proj\\ColdStorage\\playwright.config.js": {"lines":{"total":24,"covered":0,"skipped":0,"pct":0},"functions":{"total":1,"covered":0,"skipped":0,"pct":0},"statements":{"total":24,"covered":0,"skipped":0,"pct":0},"branches":{"total":1,"covered":0,"skipped":0,"pct":0}}
,"C:\\Users\\wenqi\\Desktop\\spm_proj\\ColdStorage\\postcss.config.mjs": {"lines":{"total":6,"covered":0,"skipped":0,"pct":0},"functions":{"total":1,"covered":0,"skipped":0,"pct":0},"statements":{"total":6,"covered":0,"skipped":0,"pct":0},"branches":{"total":1,"covered":0,"skipped":0,"pct":0}}
,"C:\\Users\\wenqi\\Desktop\\spm_proj\\ColdStorage\\playwright-report\\trace\\index.Bx16ehp1.js": {"lines":{"total":2,"covered":0,"skipped":0,"pct":0},"functions":{"total":1,"covered":0,"skipped":0,"pct":0},"statements":{"total":2,"covered":0,"skipped":0,"pct":0},"branches":{"total":1,"covered":0,"skipped":0,"pct":0}}
,"C:\\Users\\wenqi\\Desktop\\spm_proj\\ColdStorage\\playwright-report\\trace\\sw.bundle.js": {"lines":{"total":3,"covered":0,"skipped":0,"pct":0},"functions":{"total":1,"covered":0,"skipped":0,"pct":0},"statements":{"total":3,"covered":0,"skipped":0,"pct":0},"branches":{"total":1,"covered":0,"skipped":0,"pct":0}}
,"C:\\Users\\wenqi\\Desktop\\spm_proj\\ColdStorage\\playwright-report\\trace\\uiMode.DRQ310U5.js": {"lines":{"total":5,"covered":0,"skipped":0,"pct":0},"functions":{"total":1,"covered":0,"skipped":0,"pct":0},"statements":{"total":5,"covered":0,"skipped":0,"pct":0},"branches":{"total":1,"covered":0,"skipped":0,"pct":0}}
,"C:\\Users\\wenqi\\Desktop\\spm_proj\\ColdStorage\\playwright-report\\trace\\assets\\codeMirrorModule-eyVcHN77.js": {"lines":{"total":24,"covered":0,"skipped":0,"pct":0},"functions":{"total":1,"covered":0,"skipped":0,"pct":0},"statements":{"total":24,"covered":0,"skipped":0,"pct":0},"branches":{"total":1,"covered":0,"skipped":0,"pct":0}}
,"C:\\Users\\wenqi\\Desktop\\spm_proj\\ColdStorage\\playwright-report\\trace\\assets\\defaultSettingsView-w0zYjHsW.js": {"lines":{"total":265,"covered":0,"skipped":0,"pct":0},"functions":{"total":1,"covered":0,"skipped":0,"pct":0},"statements":{"total":265,"covered":0,"skipped":0,"pct":0},"branches":{"total":1,"covered":0,"skipped":0,"pct":0}}
,"C:\\Users\\wenqi\\Desktop\\spm_proj\\ColdStorage\\server\\index.js": {"lines":{"total":50,"covered":0,"skipped":0,"pct":0},"functions":{"total":1,"covered":0,"skipped":0,"pct":0},"statements":{"total":50,"covered":0,"skipped":0,"pct":0},"branches":{"total":1,"covered":0,"skipped":0,"pct":0}}
,"C:\\Users\\wenqi\\Desktop\\spm_proj\\ColdStorage\\server\\lib\\supabase.js": {"lines":{"total":128,"covered":80,"skipped":0,"pct":62.5},"functions":{"total":6,"covered":3,"skipped":0,"pct":50},"statements":{"total":128,"covered":80,"skipped":0,"pct":62.5},"branches":{"total":16,"covered":9,"skipped":0,"pct":56.25}}
,"C:\\Users\\wenqi\\Desktop\\spm_proj\\ColdStorage\\server\\routes\\auth.js": {"lines":{"total":103,"covered":0,"skipped":0,"pct":0},"functions":{"total":1,"covered":0,"skipped":0,"pct":0},"statements":{"total":103,"covered":0,"skipped":0,"pct":0},"branches":{"total":1,"covered":0,"skipped":0,"pct":0}}
,"C:\\Users\\wenqi\\Desktop\\spm_proj\\ColdStorage\\server\\routes\\department_teams.js": {"lines":{"total":321,"covered":0,"skipped":0,"pct":0},"functions":{"total":1,"covered":0,"skipped":0,"pct":0},"statements":{"total":321,"covered":0,"skipped":0,"pct":0},"branches":{"total":1,"covered":0,"skipped":0,"pct":0}}
,"C:\\Users\\wenqi\\Desktop\\spm_proj\\ColdStorage\\server\\routes\\director.js": {"lines":{"total":489,"covered":0,"skipped":0,"pct":0},"functions":{"total":1,"covered":0,"skipped":0,"pct":0},"statements":{"total":489,"covered":0,"skipped":0,"pct":0},"branches":{"total":1,"covered":0,"skipped":0,"pct":0}}
,"C:\\Users\\wenqi\\Desktop\\spm_proj\\ColdStorage\\server\\routes\\hr.js": {"lines":{"total":495,"covered":0,"skipped":0,"pct":0},"functions":{"total":1,"covered":0,"skipped":0,"pct":0},"statements":{"total":495,"covered":0,"skipped":0,"pct":0},"branches":{"total":1,"covered":0,"skipped":0,"pct":0}}
,"C:\\Users\\wenqi\\Desktop\\spm_proj\\ColdStorage\\server\\routes\\manager-projects.js": {"lines":{"total":196,"covered":0,"skipped":0,"pct":0},"functions":{"total":1,"covered":0,"skipped":0,"pct":0},"statements":{"total":196,"covered":0,"skipped":0,"pct":0},"branches":{"total":1,"covered":0,"skipped":0,"pct":0}}
,"C:\\Users\\wenqi\\Desktop\\spm_proj\\ColdStorage\\server\\routes\\notification.js": {"lines":{"total":366,"covered":185,"skipped":0,"pct":50.54},"functions":{"total":2,"covered":1,"skipped":0,"pct":50},"statements":{"total":366,"covered":185,"skipped":0,"pct":50.54},"branches":{"total":42,"covered":15,"skipped":0,"pct":35.71}}
,"C:\\Users\\wenqi\\Desktop\\spm_proj\\ColdStorage\\server\\routes\\projects.js": {"lines":{"total":496,"covered":0,"skipped":0,"pct":0},"functions":{"total":1,"covered":0,"skipped":0,"pct":0},"statements":{"total":496,"covered":0,"skipped":0,"pct":0},"branches":{"total":1,"covered":0,"skipped":0,"pct":0}}
,"C:\\Users\\wenqi\\Desktop\\spm_proj\\ColdStorage\\server\\routes\\report.js": {"lines":{"total":136,"covered":0,"skipped":0,"pct":0},"functions":{"total":1,"covered":0,"skipped":0,"pct":0},"statements":{"total":136,"covered":0,"skipped":0,"pct":0},"branches":{"total":1,"covered":0,"skipped":0,"pct":0}}
,"C:\\Users\\wenqi\\Desktop\\spm_proj\\ColdStorage\\server\\routes\\subtasks.js": {"lines":{"total":411,"covered":0,"skipped":0,"pct":0},"functions":{"total":1,"covered":0,"skipped":0,"pct":0},"statements":{"total":411,"covered":0,"skipped":0,"pct":0},"branches":{"total":1,"covered":0,"skipped":0,"pct":0}}
,"C:\\Users\\wenqi\\Desktop\\spm_proj\\ColdStorage\\server\\routes\\tasks.js": {"lines":{"total":1545,"covered":0,"skipped":0,"pct":0},"functions":{"total":1,"covered":0,"skipped":0,"pct":0},"statements":{"total":1545,"covered":0,"skipped":0,"pct":0},"branches":{"total":1,"covered":0,"skipped":0,"pct":0}}
,"C:\\Users\\wenqi\\Desktop\\spm_proj\\ColdStorage\\server\\routes\\users.js": {"lines":{"total":161,"covered":0,"skipped":0,"pct":0},"functions":{"total":1,"covered":0,"skipped":0,"pct":0},"statements":{"total":161,"covered":0,"skipped":0,"pct":0},"branches":{"total":1,"covered":0,"skipped":0,"pct":0}}
,"C:\\Users\\wenqi\\Desktop\\spm_proj\\ColdStorage\\server\\schemas\\task.js": {"lines":{"total":44,"covered":0,"skipped":0,"pct":0},"functions":{"total":1,"covered":0,"skipped":0,"pct":0},"statements":{"total":44,"covered":0,"skipped":0,"pct":0},"branches":{"total":1,"covered":0,"skipped":0,"pct":0}}
,"C:\\Users\\wenqi\\Desktop\\spm_proj\\ColdStorage\\server\\services\\deadlineNotificationService.js": {"lines":{"total":471,"covered":359,"skipped":0,"pct":76.22},"functions":{"total":17,"covered":12,"skipped":0,"pct":70.58},"statements":{"total":471,"covered":359,"skipped":0,"pct":76.22},"branches":{"total":73,"covered":44,"skipped":0,"pct":60.27}}
,"C:\\Users\\wenqi\\Desktop\\spm_proj\\ColdStorage\\server\\services\\recurrenceService.js": {"lines":{"total":401,"covered":325,"skipped":0,"pct":81.04},"functions":{"total":8,"covered":7,"skipped":0,"pct":87.5},"statements":{"total":401,"covered":325,"skipped":0,"pct":81.04},"branches":{"total":56,"covered":43,"skipped":0,"pct":76.78}}
,"C:\\Users\\wenqi\\Desktop\\spm_proj\\ColdStorage\\src\\app\\layout.tsx": {"lines":{"total":32,"covered":0,"skipped":0,"pct":0},"functions":{"total":1,"covered":1,"skipped":0,"pct":100},"statements":{"total":32,"covered":0,"skipped":0,"pct":0},"branches":{"total":1,"covered":1,"skipped":0,"pct":100}}
,"C:\\Users\\wenqi\\Desktop\\spm_proj\\ColdStorage\\src\\app\\page.js": {"lines":{"total":32,"covered":0,"skipped":0,"pct":0},"functions":{"total":1,"covered":0,"skipped":0,"pct":0},"statements":{"total":32,"covered":0,"skipped":0,"pct":0},"branches":{"total":1,"covered":0,"skipped":0,"pct":0}}
,"C:\\Users\\wenqi\\Desktop\\spm_proj\\ColdStorage\\src\\app\\dashboard\\DirectorDashboard.js": {"lines":{"total":532,"covered":0,"skipped":0,"pct":0},"functions":{"total":1,"covered":0,"skipped":0,"pct":0},"statements":{"total":532,"covered":0,"skipped":0,"pct":0},"branches":{"total":1,"covered":0,"skipped":0,"pct":0}}
,"C:\\Users\\wenqi\\Desktop\\spm_proj\\ColdStorage\\src\\app\\dashboard\\HrDashboard.js": {"lines":{"total":679,"covered":0,"skipped":0,"pct":0},"functions":{"total":1,"covered":0,"skipped":0,"pct":0},"statements":{"total":679,"covered":0,"skipped":0,"pct":0},"branches":{"total":1,"covered":0,"skipped":0,"pct":0}}
,"C:\\Users\\wenqi\\Desktop\\spm_proj\\ColdStorage\\src\\app\\dashboard\\ManagerDashboard.js": {"lines":{"total":246,"covered":0,"skipped":0,"pct":0},"functions":{"total":1,"covered":0,"skipped":0,"pct":0},"statements":{"total":246,"covered":0,"skipped":0,"pct":0},"branches":{"total":1,"covered":0,"skipped":0,"pct":0}}
,"C:\\Users\\wenqi\\Desktop\\spm_proj\\ColdStorage\\src\\app\\dashboard\\StaffDashboard.js": {"lines":{"total":221,"covered":0,"skipped":0,"pct":0},"functions":{"total":1,"covered":0,"skipped":0,"pct":0},"statements":{"total":221,"covered":0,"skipped":0,"pct":0},"branches":{"total":1,"covered":0,"skipped":0,"pct":0}}
,"C:\\Users\\wenqi\\Desktop\\spm_proj\\ColdStorage\\src\\app\\dashboard\\page.js": {"lines":{"total":404,"covered":0,"skipped":0,"pct":0},"functions":{"total":1,"covered":0,"skipped":0,"pct":0},"statements":{"total":404,"covered":0,"skipped":0,"pct":0},"branches":{"total":1,"covered":0,"skipped":0,"pct":0}}
,"C:\\Users\\wenqi\\Desktop\\spm_proj\\ColdStorage\\src\\app\\dashboard\\tasks\\page.js": {"lines":{"total":436,"covered":0,"skipped":0,"pct":0},"functions":{"total":1,"covered":0,"skipped":0,"pct":0},"statements":{"total":436,"covered":0,"skipped":0,"pct":0},"branches":{"total":1,"covered":0,"skipped":0,"pct":0}}
,"C:\\Users\\wenqi\\Desktop\\spm_proj\\ColdStorage\\src\\app\\dashboard\\tasks\\components\\DirectorTasksView.jsx": {"lines":{"total":61,"covered":0,"skipped":0,"pct":0},"functions":{"total":1,"covered":1,"skipped":0,"pct":100},"statements":{"total":61,"covered":0,"skipped":0,"pct":0},"branches":{"total":1,"covered":1,"skipped":0,"pct":100}}
,"C:\\Users\\wenqi\\Desktop\\spm_proj\\ColdStorage\\src\\app\\dashboard\\tasks\\components\\HRTasksView.jsx": {"lines":{"total":116,"covered":0,"skipped":0,"pct":0},"functions":{"total":1,"covered":1,"skipped":0,"pct":100},"statements":{"total":116,"covered":0,"skipped":0,"pct":0},"branches":{"total":1,"covered":1,"skipped":0,"pct":100}}
,"C:\\Users\\wenqi\\Desktop\\spm_proj\\ColdStorage\\src\\app\\dashboard\\tasks\\components\\ManagerTasks.jsx": {"lines":{"total":108,"covered":0,"skipped":0,"pct":0},"functions":{"total":1,"covered":1,"skipped":0,"pct":100},"statements":{"total":108,"covered":0,"skipped":0,"pct":0},"branches":{"total":1,"covered":1,"skipped":0,"pct":100}}
,"C:\\Users\\wenqi\\Desktop\\spm_proj\\ColdStorage\\src\\app\\dashboard\\tasks\\components\\ManagerTasksView.jsx": {"lines":{"total":329,"covered":0,"skipped":0,"pct":0},"functions":{"total":1,"covered":1,"skipped":0,"pct":100},"statements":{"total":329,"covered":0,"skipped":0,"pct":0},"branches":{"total":1,"covered":1,"skipped":0,"pct":100}}
,"C:\\Users\\wenqi\\Desktop\\spm_proj\\ColdStorage\\src\\app\\dashboard\\tasks\\components\\StaffTasksView.jsx": {"lines":{"total":88,"covered":0,"skipped":0,"pct":0},"functions":{"total":1,"covered":1,"skipped":0,"pct":100},"statements":{"total":88,"covered":0,"skipped":0,"pct":0},"branches":{"total":1,"covered":1,"skipped":0,"pct":100}}
,"C:\\Users\\wenqi\\Desktop\\spm_proj\\ColdStorage\\src\\app\\dashboard\\tasks\\components\\taskUtils.js": {"lines":{"total":41,"covered":0,"skipped":0,"pct":0},"functions":{"total":1,"covered":0,"skipped":0,"pct":0},"statements":{"total":41,"covered":0,"skipped":0,"pct":0},"branches":{"total":1,"covered":0,"skipped":0,"pct":0}}
,"C:\\Users\\wenqi\\Desktop\\spm_proj\\ColdStorage\\src\\app\\dashboard\\tasks\\create\\page.js": {"lines":{"total":387,"covered":0,"skipped":0,"pct":0},"functions":{"total":1,"covered":0,"skipped":0,"pct":0},"statements":{"total":387,"covered":0,"skipped":0,"pct":0},"branches":{"total":1,"covered":0,"skipped":0,"pct":0}}
,"C:\\Users\\wenqi\\Desktop\\spm_proj\\ColdStorage\\src\\app\\dashboard\\tasks\\hr\\page.js": {"lines":{"total":183,"covered":0,"skipped":0,"pct":0},"functions":{"total":1,"covered":0,"skipped":0,"pct":0},"statements":{"total":183,"covered":0,"skipped":0,"pct":0},"branches":{"total":1,"covered":0,"skipped":0,"pct":0}}
,"C:\\Users\\wenqi\\Desktop\\spm_proj\\ColdStorage\\src\\app\\login\\page.js": {"lines":{"total":116,"covered":0,"skipped":0,"pct":0},"functions":{"total":1,"covered":0,"skipped":0,"pct":0},"statements":{"total":116,"covered":0,"skipped":0,"pct":0},"branches":{"total":1,"covered":0,"skipped":0,"pct":0}}
,"C:\\Users\\wenqi\\Desktop\\spm_proj\\ColdStorage\\src\\app\\notifications\\page.js": {"lines":{"total":506,"covered":0,"skipped":0,"pct":0},"functions":{"total":1,"covered":0,"skipped":0,"pct":0},"statements":{"total":506,"covered":0,"skipped":0,"pct":0},"branches":{"total":1,"covered":0,"skipped":0,"pct":0}}
,"C:\\Users\\wenqi\\Desktop\\spm_proj\\ColdStorage\\src\\app\\profile\\page.js": {"lines":{"total":5,"covered":0,"skipped":0,"pct":0},"functions":{"total":1,"covered":0,"skipped":0,"pct":0},"statements":{"total":5,"covered":0,"skipped":0,"pct":0},"branches":{"total":1,"covered":0,"skipped":0,"pct":0}}
,"C:\\Users\\wenqi\\Desktop\\spm_proj\\ColdStorage\\src\\app\\projects\\page.js": {"lines":{"total":905,"covered":0,"skipped":0,"pct":0},"functions":{"total":1,"covered":0,"skipped":0,"pct":0},"statements":{"total":905,"covered":0,"skipped":0,"pct":0},"branches":{"total":1,"covered":0,"skipped":0,"pct":0}}
,"C:\\Users\\wenqi\\Desktop\\spm_proj\\ColdStorage\\src\\app\\register\\page.js": {"lines":{"total":245,"covered":0,"skipped":0,"pct":0},"functions":{"total":1,"covered":0,"skipped":0,"pct":0},"statements":{"total":245,"covered":0,"skipped":0,"pct":0},"branches":{"total":1,"covered":0,"skipped":0,"pct":0}}
,"C:\\Users\\wenqi\\Desktop\\spm_proj\\ColdStorage\\src\\app\\report\\page.js": {"lines":{"total":716,"covered":0,"skipped":0,"pct":0},"functions":{"total":1,"covered":0,"skipped":0,"pct":0},"statements":{"total":716,"covered":0,"skipped":0,"pct":0},"branches":{"total":1,"covered":0,"skipped":0,"pct":0}}
,"C:\\Users\\wenqi\\Desktop\\spm_proj\\ColdStorage\\src\\app\\schedule\\page.js": {"lines":{"total":714,"covered":0,"skipped":0,"pct":0},"functions":{"total":1,"covered":0,"skipped":0,"pct":0},"statements":{"total":714,"covered":0,"skipped":0,"pct":0},"branches":{"total":1,"covered":0,"skipped":0,"pct":0}}
,"C:\\Users\\wenqi\\Desktop\\spm_proj\\ColdStorage\\src\\components\\layout\\HeaderBar.jsx": {"lines":{"total":23,"covered":0,"skipped":0,"pct":0},"functions":{"total":1,"covered":1,"skipped":0,"pct":100},"statements":{"total":23,"covered":0,"skipped":0,"pct":0},"branches":{"total":1,"covered":1,"skipped":0,"pct":100}}
,"C:\\Users\\wenqi\\Desktop\\spm_proj\\ColdStorage\\src\\components\\layout\\SidebarLayout.jsx": {"lines":{"total":121,"covered":0,"skipped":0,"pct":0},"functions":{"total":1,"covered":1,"skipped":0,"pct":100},"statements":{"total":121,"covered":0,"skipped":0,"pct":0},"branches":{"total":1,"covered":1,"skipped":0,"pct":100}}
,"C:\\Users\\wenqi\\Desktop\\spm_proj\\ColdStorage\\src\\components\\notifications\\DeadlineNotificationManager.jsx": {"lines":{"total":84,"covered":0,"skipped":0,"pct":0},"functions":{"total":1,"covered":0,"skipped":0,"pct":0},"statements":{"total":84,"covered":0,"skipped":0,"pct":0},"branches":{"total":1,"covered":0,"skipped":0,"pct":0}}
,"C:\\Users\\wenqi\\Desktop\\spm_proj\\ColdStorage\\src\\components\\notifications\\NotificationInitializer.jsx": {"lines":{"total":74,"covered":0,"skipped":0,"pct":0},"functions":{"total":1,"covered":1,"skipped":0,"pct":100},"statements":{"total":74,"covered":0,"skipped":0,"pct":0},"branches":{"total":1,"covered":1,"skipped":0,"pct":100}}
,"C:\\Users\\wenqi\\Desktop\\spm_proj\\ColdStorage\\src\\components\\projects\\ProjectTaskCard.jsx": {"lines":{"total":196,"covered":0,"skipped":0,"pct":0},"functions":{"total":1,"covered":1,"skipped":0,"pct":100},"statements":{"total":196,"covered":0,"skipped":0,"pct":0},"branches":{"total":1,"covered":1,"skipped":0,"pct":100}}
,"C:\\Users\\wenqi\\Desktop\\spm_proj\\ColdStorage\\src\\components\\projects\\ProjectTaskColumn.jsx": {"lines":{"total":48,"covered":0,"skipped":0,"pct":0},"functions":{"total":1,"covered":1,"skipped":0,"pct":100},"statements":{"total":48,"covered":0,"skipped":0,"pct":0},"branches":{"total":1,"covered":1,"skipped":0,"pct":100}}
,"C:\\Users\\wenqi\\Desktop\\spm_proj\\ColdStorage\\src\\components\\providers\\ClientProviders.jsx": {"lines":{"total":7,"covered":0,"skipped":0,"pct":0},"functions":{"total":1,"covered":1,"skipped":0,"pct":100},"statements":{"total":7,"covered":0,"skipped":0,"pct":0},"branches":{"total":1,"covered":1,"skipped":0,"pct":100}}
,"C:\\Users\\wenqi\\Desktop\\spm_proj\\ColdStorage\\src\\components\\report\\DepartmentTeamWorkload.jsx": {"lines":{"total":158,"covered":0,"skipped":0,"pct":0},"functions":{"total":1,"covered":1,"skipped":0,"pct":100},"statements":{"total":158,"covered":0,"skipped":0,"pct":0},"branches":{"total":1,"covered":1,"skipped":0,"pct":100}}
,"C:\\Users\\wenqi\\Desktop\\spm_proj\\ColdStorage\\src\\components\\report\\FilterSection.jsx": {"lines":{"total":34,"covered":0,"skipped":0,"pct":0},"functions":{"total":1,"covered":1,"skipped":0,"pct":100},"statements":{"total":34,"covered":0,"skipped":0,"pct":0},"branches":{"total":1,"covered":1,"skipped":0,"pct":100}}
,"C:\\Users\\wenqi\\Desktop\\spm_proj\\ColdStorage\\src\\components\\report\\ProjectCard.jsx": {"lines":{"total":55,"covered":0,"skipped":0,"pct":0},"functions":{"total":1,"covered":1,"skipped":0,"pct":100},"statements":{"total":55,"covered":0,"skipped":0,"pct":0},"branches":{"total":1,"covered":1,"skipped":0,"pct":100}}
,"C:\\Users\\wenqi\\Desktop\\spm_proj\\ColdStorage\\src\\components\\report\\ProjectStatusReport.jsx": {"lines":{"total":526,"covered":0,"skipped":0,"pct":0},"functions":{"total":1,"covered":1,"skipped":0,"pct":100},"statements":{"total":526,"covered":0,"skipped":0,"pct":0},"branches":{"total":1,"covered":1,"skipped":0,"pct":100}}
,"C:\\Users\\wenqi\\Desktop\\spm_proj\\ColdStorage\\src\\components\\report\\ProjectsSection.jsx": {"lines":{"total":39,"covered":0,"skipped":0,"pct":0},"functions":{"total":1,"covered":1,"skipped":0,"pct":100},"statements":{"total":39,"covered":0,"skipped":0,"pct":0},"branches":{"total":1,"covered":1,"skipped":0,"pct":100}}
,"C:\\Users\\wenqi\\Desktop\\spm_proj\\ColdStorage\\src\\components\\report\\ReportCard.jsx": {"lines":{"total":32,"covered":0,"skipped":0,"pct":0},"functions":{"total":1,"covered":1,"skipped":0,"pct":100},"statements":{"total":32,"covered":0,"skipped":0,"pct":0},"branches":{"total":1,"covered":1,"skipped":0,"pct":100}}
,"C:\\Users\\wenqi\\Desktop\\spm_proj\\ColdStorage\\src\\components\\report\\ReportPreviewModal.jsx": {"lines":{"total":906,"covered":0,"skipped":0,"pct":0},"functions":{"total":1,"covered":1,"skipped":0,"pct":100},"statements":{"total":906,"covered":0,"skipped":0,"pct":0},"branches":{"total":1,"covered":1,"skipped":0,"pct":100}}
,"C:\\Users\\wenqi\\Desktop\\spm_proj\\ColdStorage\\src\\components\\tasks\\RecurrenceHistoryModal.jsx": {"lines":{"total":159,"covered":0,"skipped":0,"pct":0},"functions":{"total":1,"covered":1,"skipped":0,"pct":100},"statements":{"total":159,"covered":0,"skipped":0,"pct":0},"branches":{"total":1,"covered":1,"skipped":0,"pct":100}}
,"C:\\Users\\wenqi\\Desktop\\spm_proj\\ColdStorage\\src\\components\\tasks\\RecurrenceStatus.jsx": {"lines":{"total":114,"covered":0,"skipped":0,"pct":0},"functions":{"total":1,"covered":1,"skipped":0,"pct":100},"statements":{"total":114,"covered":0,"skipped":0,"pct":0},"branches":{"total":1,"covered":1,"skipped":0,"pct":100}}
,"C:\\Users\\wenqi\\Desktop\\spm_proj\\ColdStorage\\src\\components\\tasks\\SubtaskEditModal.jsx": {"lines":{"total":152,"covered":0,"skipped":0,"pct":0},"functions":{"total":1,"covered":1,"skipped":0,"pct":100},"statements":{"total":152,"covered":0,"skipped":0,"pct":0},"branches":{"total":1,"covered":1,"skipped":0,"pct":100}}
,"C:\\Users\\wenqi\\Desktop\\spm_proj\\ColdStorage\\src\\components\\tasks\\SubtaskManager.jsx": {"lines":{"total":216,"covered":0,"skipped":0,"pct":0},"functions":{"total":1,"covered":1,"skipped":0,"pct":100},"statements":{"total":216,"covered":0,"skipped":0,"pct":0},"branches":{"total":1,"covered":1,"skipped":0,"pct":100}}
,"C:\\Users\\wenqi\\Desktop\\spm_proj\\ColdStorage\\src\\components\\tasks\\TaskCard.jsx": {"lines":{"total":598,"covered":0,"skipped":0,"pct":0},"functions":{"total":1,"covered":1,"skipped":0,"pct":100},"statements":{"total":598,"covered":0,"skipped":0,"pct":0},"branches":{"total":1,"covered":1,"skipped":0,"pct":100}}
,"C:\\Users\\wenqi\\Desktop\\spm_proj\\ColdStorage\\src\\components\\tasks\\TaskDetailsModal.jsx": {"lines":{"total":377,"covered":0,"skipped":0,"pct":0},"functions":{"total":1,"covered":1,"skipped":0,"pct":100},"statements":{"total":377,"covered":0,"skipped":0,"pct":0},"branches":{"total":1,"covered":1,"skipped":0,"pct":100}}
,"C:\\Users\\wenqi\\Desktop\\spm_proj\\ColdStorage\\src\\components\\tasks\\TaskEditModal.jsx": {"lines":{"total":660,"covered":0,"skipped":0,"pct":0},"functions":{"total":1,"covered":1,"skipped":0,"pct":100},"statements":{"total":660,"covered":0,"skipped":0,"pct":0},"branches":{"total":1,"covered":1,"skipped":0,"pct":100}}
,"C:\\Users\\wenqi\\Desktop\\spm_proj\\ColdStorage\\src\\components\\tasks\\TaskForm.jsx": {"lines":{"total":476,"covered":0,"skipped":0,"pct":0},"functions":{"total":1,"covered":1,"skipped":0,"pct":100},"statements":{"total":476,"covered":0,"skipped":0,"pct":0},"branches":{"total":1,"covered":1,"skipped":0,"pct":100}}
,"C:\\Users\\wenqi\\Desktop\\spm_proj\\ColdStorage\\src\\components\\ui\\Alert.jsx": {"lines":{"total":13,"covered":0,"skipped":0,"pct":0},"functions":{"total":1,"covered":1,"skipped":0,"pct":100},"statements":{"total":13,"covered":0,"skipped":0,"pct":0},"branches":{"total":1,"covered":1,"skipped":0,"pct":100}}
,"C:\\Users\\wenqi\\Desktop\\spm_proj\\ColdStorage\\src\\components\\ui\\Badge.jsx": {"lines":{"total":41,"covered":0,"skipped":0,"pct":0},"functions":{"total":1,"covered":1,"skipped":0,"pct":100},"statements":{"total":41,"covered":0,"skipped":0,"pct":0},"branches":{"total":1,"covered":1,"skipped":0,"pct":100}}
,"C:\\Users\\wenqi\\Desktop\\spm_proj\\ColdStorage\\src\\components\\ui\\StatCard.jsx": {"lines":{"total":27,"covered":0,"skipped":0,"pct":0},"functions":{"total":1,"covered":1,"skipped":0,"pct":100},"statements":{"total":27,"covered":0,"skipped":0,"pct":0},"branches":{"total":1,"covered":1,"skipped":0,"pct":100}}
,"C:\\Users\\wenqi\\Desktop\\spm_proj\\ColdStorage\\src\\components\\ui\\Table.jsx": {"lines":{"total":14,"covered":0,"skipped":0,"pct":0},"functions":{"total":1,"covered":1,"skipped":0,"pct":100},"statements":{"total":14,"covered":0,"skipped":0,"pct":0},"branches":{"total":1,"covered":1,"skipped":0,"pct":100}}
,"C:\\Users\\wenqi\\Desktop\\spm_proj\\ColdStorage\\src\\components\\ui\\Toast.jsx": {"lines":{"total":23,"covered":0,"skipped":0,"pct":0},"functions":{"total":1,"covered":1,"skipped":0,"pct":100},"statements":{"total":23,"covered":0,"skipped":0,"pct":0},"branches":{"total":1,"covered":1,"skipped":0,"pct":100}}
,"C:\\Users\\wenqi\\Desktop\\spm_proj\\ColdStorage\\src\\constants\\taskConstants.js": {"lines":{"total":56,"covered":56,"skipped":0,"pct":100},"functions":{"total":1,"covered":1,"skipped":0,"pct":100},"statements":{"total":56,"covered":56,"skipped":0,"pct":100},"branches":{"total":4,"covered":4,"skipped":0,"pct":100}}
,"C:\\Users\\wenqi\\Desktop\\spm_proj\\ColdStorage\\src\\contexts\\NotificationContext.js": {"lines":{"total":27,"covered":0,"skipped":0,"pct":0},"functions":{"total":1,"covered":0,"skipped":0,"pct":0},"statements":{"total":27,"covered":0,"skipped":0,"pct":0},"branches":{"total":1,"covered":0,"skipped":0,"pct":0}}
,"C:\\Users\\wenqi\\Desktop\\spm_proj\\ColdStorage\\src\\utils\\notificationStore.js": {"lines":{"total":32,"covered":0,"skipped":0,"pct":0},"functions":{"total":1,"covered":0,"skipped":0,"pct":0},"statements":{"total":32,"covered":0,"skipped":0,"pct":0},"branches":{"total":1,"covered":0,"skipped":0,"pct":0}}
,"C:\\Users\\wenqi\\Desktop\\spm_proj\\ColdStorage\\src\\utils\\hooks\\useAuth.js": {"lines":{"total":229,"covered":0,"skipped":0,"pct":0},"functions":{"total":1,"covered":0,"skipped":0,"pct":0},"statements":{"total":229,"covered":0,"skipped":0,"pct":0},"branches":{"total":1,"covered":0,"skipped":0,"pct":0}}
,"C:\\Users\\wenqi\\Desktop\\spm_proj\\ColdStorage\\src\\utils\\hooks\\useDeadlineNotifications.js": {"lines":{"total":177,"covered":0,"skipped":0,"pct":0},"functions":{"total":1,"covered":0,"skipped":0,"pct":0},"statements":{"total":177,"covered":0,"skipped":0,"pct":0},"branches":{"total":1,"covered":0,"skipped":0,"pct":0}}
,"C:\\Users\\wenqi\\Desktop\\spm_proj\\ColdStorage\\src\\utils\\hooks\\useDepartmentTeams.js": {"lines":{"total":92,"covered":0,"skipped":0,"pct":0},"functions":{"total":1,"covered":0,"skipped":0,"pct":0},"statements":{"total":92,"covered":0,"skipped":0,"pct":0},"branches":{"total":1,"covered":0,"skipped":0,"pct":0}}
,"C:\\Users\\wenqi\\Desktop\\spm_proj\\ColdStorage\\src\\utils\\hooks\\useDirectorInsights.js": {"lines":{"total":283,"covered":0,"skipped":0,"pct":0},"functions":{"total":1,"covered":0,"skipped":0,"pct":0},"statements":{"total":283,"covered":0,"skipped":0,"pct":0},"branches":{"total":1,"covered":0,"skipped":0,"pct":0}}
,"C:\\Users\\wenqi\\Desktop\\spm_proj\\ColdStorage\\src\\utils\\hooks\\useHrInsights.js": {"lines":{"total":179,"covered":0,"skipped":0,"pct":0},"functions":{"total":1,"covered":0,"skipped":0,"pct":0},"statements":{"total":179,"covered":0,"skipped":0,"pct":0},"branches":{"total":1,"covered":0,"skipped":0,"pct":0}}
,"C:\\Users\\wenqi\\Desktop\\spm_proj\\ColdStorage\\src\\utils\\hooks\\useManagerProjects.js": {"lines":{"total":146,"covered":0,"skipped":0,"pct":0},"functions":{"total":1,"covered":0,"skipped":0,"pct":0},"statements":{"total":146,"covered":0,"skipped":0,"pct":0},"branches":{"total":1,"covered":0,"skipped":0,"pct":0}}
,"C:\\Users\\wenqi\\Desktop\\spm_proj\\ColdStorage\\src\\utils\\hooks\\useManagerTasks.js": {"lines":{"total":259,"covered":0,"skipped":0,"pct":0},"functions":{"total":1,"covered":0,"skipped":0,"pct":0},"statements":{"total":259,"covered":0,"skipped":0,"pct":0},"branches":{"total":1,"covered":0,"skipped":0,"pct":0}}
,"C:\\Users\\wenqi\\Desktop\\spm_proj\\ColdStorage\\src\\utils\\hooks\\useNotification.js": {"lines":{"total":384,"covered":0,"skipped":0,"pct":0},"functions":{"total":1,"covered":0,"skipped":0,"pct":0},"statements":{"total":384,"covered":0,"skipped":0,"pct":0},"branches":{"total":1,"covered":0,"skipped":0,"pct":0}}
,"C:\\Users\\wenqi\\Desktop\\spm_proj\\ColdStorage\\src\\utils\\hooks\\useProjects.js": {"lines":{"total":404,"covered":0,"skipped":0,"pct":0},"functions":{"total":1,"covered":0,"skipped":0,"pct":0},"statements":{"total":404,"covered":0,"skipped":0,"pct":0},"branches":{"total":1,"covered":0,"skipped":0,"pct":0}}
,"C:\\Users\\wenqi\\Desktop\\spm_proj\\ColdStorage\\src\\utils\\hooks\\useSubtasks.js": {"lines":{"total":146,"covered":0,"skipped":0,"pct":0},"functions":{"total":1,"covered":0,"skipped":0,"pct":0},"statements":{"total":146,"covered":0,"skipped":0,"pct":0},"branches":{"total":1,"covered":0,"skipped":0,"pct":0}}
,"C:\\Users\\wenqi\\Desktop\\spm_proj\\ColdStorage\\src\\utils\\hooks\\useTasks.js": {"lines":{"total":448,"covered":0,"skipped":0,"pct":0},"functions":{"total":1,"covered":0,"skipped":0,"pct":0},"statements":{"total":448,"covered":0,"skipped":0,"pct":0},"branches":{"total":1,"covered":0,"skipped":0,"pct":0}}
,"C:\\Users\\wenqi\\Desktop\\spm_proj\\ColdStorage\\src\\utils\\hooks\\useUnreadCount.js": {"lines":{"total":28,"covered":0,"skipped":0,"pct":0},"functions":{"total":1,"covered":0,"skipped":0,"pct":0},"statements":{"total":28,"covered":0,"skipped":0,"pct":0},"branches":{"total":1,"covered":0,"skipped":0,"pct":0}}
,"C:\\Users\\wenqi\\Desktop\\spm_proj\\ColdStorage\\src\\utils\\hooks\\useUsers.js": {"lines":{"total":120,"covered":0,"skipped":0,"pct":0},"functions":{"total":1,"covered":0,"skipped":0,"pct":0},"statements":{"total":120,"covered":0,"skipped":0,"pct":0},"branches":{"total":1,"covered":0,"skipped":0,"pct":0}}
,"C:\\Users\\wenqi\\Desktop\\spm_proj\\ColdStorage\\src\\utils\\supabase\\client.js": {"lines":{"total":48,"covered":0,"skipped":0,"pct":0},"functions":{"total":1,"covered":0,"skipped":0,"pct":0},"statements":{"total":48,"covered":0,"skipped":0,"pct":0},"branches":{"total":1,"covered":0,"skipped":0,"pct":0}}
,"C:\\Users\\wenqi\\Desktop\\spm_proj\\ColdStorage\\src\\utils\\supabase\\server.js": {"lines":{"total":29,"covered":0,"skipped":0,"pct":0},"functions":{"total":1,"covered":0,"skipped":0,"pct":0},"statements":{"total":29,"covered":0,"skipped":0,"pct":0},"branches":{"total":1,"covered":0,"skipped":0,"pct":0}}
}
